<?xml version="1.0" encoding="UTF-8"?>
<testsuite xmlns:xsi="http://www.w3.org/2001/XMLSchema-instance" xsi:noNamespaceSchemaLocation="https://maven.apache.org/surefire/maven-failsafe-plugin/xsd/failsafe-test-report-3.0.xsd" version="3.0" name="runner.RunnerTestSuite" time="59.766" tests="1" errors="1" skipped="0" failures="0">
  <properties>
[...]
</properties>
  <testcase name="Validar los modulos Alerts, Frame &amp; Windows, Practice Form  y Book Store Application" classname="Interactuar con la pagina web Demo QA" time="59.288">
    <error message="element click intercepted: Element &lt;button id=&quot;closeLargeModal&quot; type=&quot;button&quot; class=&quot;btn btn-primary&quot;&gt;...&lt;/button&gt; is not clickable at point (926, 723). Other element would receive the click: &lt;div class=&quot;modal-footer&quot;&gt;...&lt;/div&gt;&#10;  (Session info: chrome=128.0.6613.113)&#10;Build info: version: &apos;4.18.1&apos;, revision: &apos;b1d3319b48&apos;&#10;System info: os.name: &apos;Windows 10&apos;, os.arch: &apos;amd64&apos;, os.version: &apos;10.0&apos;, java.version: &apos;21.0.2&apos;&#10;Driver info: org.openqa.selenium.chrome.ChromeDriver&#10;Command: [1ea9ef95a2e9a0ab440d64643b77e157, clickElement {id=f.4EB1DAF0B325533CCF2C7B16BBCD242F.d.581967E89ACABC49DC44667E9ABEAF4B.e.222}]&#10;Capabilities {acceptInsecureCerts: true, browserName: chrome, browserVersion: 128.0.6613.113, chrome: {chromedriverVersion: 128.0.6613.119 (6e439cfca4d..., userDataDir: C:\Users\DIBANE~1\AppData\L...}, fedcm:accounts: true, goog:chromeOptions: {debuggerAddress: localhost:56919}, networkConnectionEnabled: false, pageLoadStrategy: normal, platformName: windows, proxy: Proxy(), se:cdp: ws://localhost:56919/devtoo..., se:cdpVersion: 128.0.6613.113, setWindowRect: true, strictFileInteractability: false, timeouts: {implicit: 0, pageLoad: 300000, script: 30000}, unhandledPromptBehavior: dismiss and notify, webauthn:extension:credBlob: true, webauthn:extension:largeBlob: true, webauthn:extension:minPinLength: true, webauthn:extension:prf: true, webauthn:virtualAuthenticators: true}&#10;Element: [[ChromeDriver: chrome on windows (1ea9ef95a2e9a0ab440d64643b77e157)] -&gt; id: closeLargeModal]&#10;Session ID: 1ea9ef95a2e9a0ab440d64643b77e157" type="org.openqa.selenium.ElementClickInterceptedException"><![CDATA[org.openqa.selenium.ElementClickInterceptedException: 
element click intercepted: Element <button id="closeLargeModal" type="button" class="btn btn-primary">...</button> is not clickable at point (926, 723). Other element would receive the click: <div class="modal-footer">...</div>
  (Session info: chrome=128.0.6613.113)
Build info: version: '4.18.1', revision: 'b1d3319b48'
System info: os.name: 'Windows 10', os.arch: 'amd64', os.version: '10.0', java.version: '21.0.2'
Driver info: org.openqa.selenium.chrome.ChromeDriver
Command: [1ea9ef95a2e9a0ab440d64643b77e157, clickElement {id=f.4EB1DAF0B325533CCF2C7B16BBCD242F.d.581967E89ACABC49DC44667E9ABEAF4B.e.222}]
Capabilities {acceptInsecureCerts: true, browserName: chrome, browserVersion: 128.0.6613.113, chrome: {chromedriverVersion: 128.0.6613.119 (6e439cfca4d..., userDataDir: C:\Users\DIBANE~1\AppData\L...}, fedcm:accounts: true, goog:chromeOptions: {debuggerAddress: localhost:56919}, networkConnectionEnabled: false, pageLoadStrategy: normal, platformName: windows, proxy: Proxy(), se:cdp: ws://localhost:56919/devtoo..., se:cdpVersion: 128.0.6613.113, setWindowRect: true, strictFileInteractability: false, timeouts: {implicit: 0, pageLoad: 300000, script: 30000}, unhandledPromptBehavior: dismiss and notify, webauthn:extension:credBlob: true, webauthn:extension:largeBlob: true, webauthn:extension:minPinLength: true, webauthn:extension:prf: true, webauthn:virtualAuthenticators: true}
Element: [[ChromeDriver: chrome on windows (1ea9ef95a2e9a0ab440d64643b77e157)] -> id: closeLargeModal]
Session ID: 1ea9ef95a2e9a0ab440d64643b77e157
	at java.base/java.lang.reflect.Constructor.newInstanceWithCaller(Constructor.java:502)
	at java.base/java.lang.reflect.Constructor.newInstance(Constructor.java:486)
	at org.openqa.selenium.remote.ErrorCodec.decode(ErrorCodec.java:167)
	at org.openqa.selenium.remote.codec.w3c.W3CHttpResponseCodec.decode(W3CHttpResponseCodec.java:138)
	at org.openqa.selenium.remote.codec.w3c.W3CHttpResponseCodec.decode(W3CHttpResponseCodec.java:50)
	at org.openqa.selenium.remote.HttpCommandExecutor.execute(HttpCommandExecutor.java:190)
	at org.openqa.selenium.remote.service.DriverCommandExecutor.invokeExecute(DriverCommandExecutor.java:216)
	at org.openqa.selenium.remote.service.DriverCommandExecutor.execute(DriverCommandExecutor.java:174)
	at org.openqa.selenium.remote.RemoteWebDriver.execute(RemoteWebDriver.java:519)
	at org.openqa.selenium.remote.RemoteWebElement.execute(RemoteWebElement.java:223)
	at org.openqa.selenium.remote.RemoteWebElement.click(RemoteWebElement.java:76)
	at net.serenitybdd.core.pages.WebElementFacadeImpl.lambda$click$6(WebElementFacadeImpl.java:1220)
	at net.serenitybdd.core.pages.WithRetries.perform(WithRetries.java:22)
	at net.serenitybdd.core.pages.WithRetries.perform(WithRetries.java:27)
	at net.serenitybdd.core.pages.WithRetries.perform(WithRetries.java:27)
	at net.serenitybdd.core.pages.WithRetries.perform(WithRetries.java:27)
	at net.serenitybdd.core.pages.WithRetries.perform(WithRetries.java:27)
	at net.serenitybdd.core.pages.WithRetries.perform(WithRetries.java:27)
	at net.serenitybdd.core.pages.WithRetries.perform(WithRetries.java:27)
	at net.serenitybdd.core.pages.WithRetries.perform(WithRetries.java:27)
	at net.serenitybdd.core.pages.WithRetries.perform(WithRetries.java:27)
	at net.serenitybdd.core.pages.WithRetries.perform(WithRetries.java:27)
	at net.serenitybdd.core.pages.WithRetries.perform(WithRetries.java:27)
	at net.serenitybdd.core.pages.WithRetries.perform(WithRetries.java:27)
	at net.serenitybdd.core.pages.WebElementFacadeImpl.click(WebElementFacadeImpl.java:1220)
	at net.serenitybdd.screenplay.actions.ClickOnTarget.performAs(ClickOnTarget.java:13)
	at net.serenitybdd.screenplay.actions.ClickOnTarget$ByteBuddy$laQ6zAah.performAs$accessor$NPbFPtX3(Unknown Source)
	at java.base/java.lang.reflect.Method.invoke(Method.java:580)
	at net.thucydides.core.steps.StepInterceptor.invokeMethod(StepInterceptor.java:524)
	at net.thucydides.core.steps.StepInterceptor.executeTestStepMethod(StepInterceptor.java:504)
	at net.thucydides.core.steps.StepInterceptor.runTestStep(StepInterceptor.java:476)
	at net.thucydides.core.steps.StepInterceptor.runOrSkipMethod(StepInterceptor.java:218)
	at net.thucydides.core.steps.StepInterceptor.testStepResult(StepInterceptor.java:205)
	at net.thucydides.core.steps.StepInterceptor.intercept(StepInterceptor.java:93)
	at net.thucydides.core.steps.ProxyConfiguration$InterceptorDispatcher.intercept(ProxyConfiguration.java:51)
	at net.serenitybdd.screenplay.actions.ClickOnTarget$ByteBuddy$laQ6zAah.performAs(Unknown Source)
	at net.serenitybdd.screenplay.Actor.performTask(Actor.java:299)
	at net.serenitybdd.screenplay.Actor.perform(Actor.java:274)
	at net.serenitybdd.screenplay.Actor.attemptsTo(Actor.java:215)
	at net.serenitybdd.screenplay.Actor.attemptsTo(Actor.java:222)
	at tasks.demoqa.PracticeForm.performAs(PracticeForm.java:58)
	at net.serenitybdd.screenplay.Actor.performTask(Actor.java:299)
	at net.serenitybdd.screenplay.Actor.perform(Actor.java:274)
	at net.serenitybdd.screenplay.Actor.performWithoutReporting(Actor.java:258)
	at net.serenitybdd.screenplay.Actor.attemptsTo(Actor.java:213)
	at net.serenitybdd.screenplay.Actor.attemptsTo(Actor.java:222)
	at stepdefinations.TestDemoQaStep.enterInformationFromThePracticeFormModule(TestDemoQaStep.java:52)
	at ✽.ingresa la informacion del modulo practice form(file:///C:/Users/dibaneznaran/Documents/Prueba_Tecnica/Prueba_Tecnica/src/test/resources/features/test_demo_qa.feature:9)
]]></error>
    <system-out><![CDATA[23:55:23.434 [main] DEBUG io.cucumber.core.plugin.SerenityReporter -- Running feature from file:///C:/Users/dibaneznaran/Documents/Prueba_Tecnica/Prueba_Tecnica/src/test/resources/features/test_calculator_android.feature
23:55:23.500 [main] INFO  -- 

-------------------------------------------------------------------------------------
     _______. _______ .______       _______ .__   __.  __  .___________.____    ____ 
    /       ||   ____||   _  \     |   ____||  \ |  | |  | |           |\   \  /   / 
   |   (----`|  |__   |  |_)  |    |  |__   |   \|  | |  | `---|  |----` \   \/   /  
    \   \    |   __|  |      /     |   __|  |  . `  | |  |     |  |       \_    _/   
.----)   |   |  |____ |  |\  \----.|  |____ |  |\   | |  |     |  |         |  |     
|_______/    |_______|| _| `._____||_______||__| \__| |__|     |__|         |__|    
                                                                                     
 News and tutorials at https://serenity-bdd.info                                     
 Documentation at https://serenity-bdd.github.io                                     
 Test Automation Training and Coaching: https://www.serenity-dojo.com                
 Commercial Support: https://www.serenity-dojo.com/serenity-bdd-enterprise-support   
 Join the Serenity Community on Gitter: https://gitter.im/serenity-bdd/serenity-core 
-------------------------------------------------------------------------------------

23:55:23.508 [main] DEBUG net.thucydides.core.steps.StepEventBus -- Test suite started for story net.thucydides.model.domain.Story@d95d5fe0
23:55:23.512 [main] INFO  -- Test Suite Started: Realizar cálculos en la calculadora de android
23:55:23.595 [main] DEBUG io.cucumber.core.plugin.SerenityReporter -- Running feature from file:///C:/Users/dibaneznaran/Documents/Prueba_Tecnica/Prueba_Tecnica/src/test/resources/features/test_demo_qa.feature
23:55:23.602 [main] DEBUG net.thucydides.core.steps.StepEventBus -- Test suite started for story net.thucydides.model.domain.Story@f8b7e7e0
23:55:23.603 [main] INFO  -- Test Suite Started: Interactuar con la pagina web Demo QA
23:55:23.603 [main] DEBUG io.cucumber.core.plugin.SerenityReporter -- Running feature from file:///C:/Users/dibaneznaran/Documents/Prueba_Tecnica/Prueba_Tecnica/src/test/resources/features/test_rest_assured.feature
23:55:23.613 [main] DEBUG net.thucydides.core.steps.StepEventBus -- Test suite started for story net.thucydides.model.domain.Story@c3f963e0
23:55:23.614 [main] INFO  -- Test Suite Started: Consumir los servicios de herokuapp utilizando rest assured
23:55:23.616 [main] DEBUG io.cucumber.core.plugin.SerenityReporter -- Running feature from file:///C:/Users/dibaneznaran/Documents/Prueba_Tecnica/Prueba_Tecnica/src/test/resources/features/test_demo_qa.feature
23:55:23.621 [main] DEBUG net.thucydides.core.steps.StepEventBus -- Test suite started for story net.thucydides.model.domain.Story@f8b7e7e0
23:55:23.622 [main] INFO  -- Test Suite Started: Interactuar con la pagina web Demo QA
23:55:23.719 [main] DEBUG io.cucumber.core.plugin.SerenityReporter -- Running feature from file:///C:/Users/dibaneznaran/Documents/Prueba_Tecnica/Prueba_Tecnica/src/test/resources/features/test_demo_qa.feature
23:55:23.859 [main] INFO  -- 
  _____   ___   ___   _____     ___   _____     _     ___   _____   ___   ___  
 |_   _| | __| / __| |_   _|   / __| |_   _|   /_\   | _ \ |_   _| | __| |   \ 
   | |   | _|  \__ \   | |     \__ \   | |    / _ \  |   /   | |   | _|  | |) |
   |_|   |___| |___/   |_|     |___/   |_|   /_/ \_\ |_|_\   |_|   |___| |___/ 

Validar los modulos Alerts, Frame & Windows, Practice Form  y Book Store Application(interactuar-con-la-pagina-web-demo-qa;validar-los-modulos-alerts--frame-&-windows--practice-form--y-book-store-application)
--------------------------------------------------------------------------------
23:55:24.399 [main] DEBUG net.thucydides.core.steps.StepInterceptor -- STARTING STEP: TestDemoQaStep.userEntersWebPage - {0} opens the #pageName page
23:55:24.495 [main] INFO net.serenitybdd.core.webdriver.driverproviders.ChromeDriverProvider -- Starting Chrome driver instance with capabilities:
23:55:24.497 [main] INFO net.serenitybdd.core.webdriver.driverproviders.ChromeDriverProvider -- Capabilities {acceptInsecureCerts: true, browserName: chrome, goog:chromeOptions: {args: [incognito, incognito, remote-allow-origins=*], extensions: []}}
23:55:42.442 [main] DEBUG net.serenitybdd.core.photography.Darkroom -- Opening darkroom
23:55:42.444 [Darkroom Processing Line] DEBUG net.serenitybdd.core.photography.DarkroomProcessingLine -- Darkroom processing line starting up
23:55:42.733 [main] DEBUG net.serenitybdd.core.photography.Darkroom -- Send negative for processing for C:\Users\dibaneznaran\Documents\Prueba_Tecnica\Prueba_Tecnica\target\site\serenity\7d9711b0805a4ed4ccf34d39ddda970070c87b8492405648c6b037c8d4e7da73.png
23:55:42.733 [Darkroom Processing Line] DEBUG net.serenitybdd.core.photography.DarkroomProcessingLine -- Processing screenshot image in /var/screenshots/screenshot-18409398820097337403
23:55:42.734 [Darkroom Processing Line] DEBUG net.serenitybdd.core.photography.DarkroomProcessingLine -- Saving screenshot to C:\Users\dibaneznaran\Documents\Prueba_Tecnica\Prueba_Tecnica\target\site\serenity\7d9711b0805a4ed4ccf34d39ddda970070c87b8492405648c6b037c8d4e7da73.png
23:55:42.736 [main] DEBUG net.thucydides.core.steps.StepInterceptor -- STEP DONE: {0} opens the #pageName page
23:55:42.764 [main] DEBUG net.thucydides.core.steps.StepInterceptor -- STARTING STEP: TestDemoQaStep.userEntersWebPage - performAs
23:55:42.870 [main] DEBUG net.serenitybdd.screenplay.targets.IFrameSwitcher -- default content already selected for Usuario
23:55:43.095 [main] DEBUG net.serenitybdd.core.photography.Darkroom -- Send negative for processing for C:\Users\dibaneznaran\Documents\Prueba_Tecnica\Prueba_Tecnica\target\site\serenity\7d9711b0805a4ed4ccf34d39ddda970070c87b8492405648c6b037c8d4e7da73.png
23:55:43.096 [main] DEBUG net.thucydides.core.steps.StepInterceptor -- STARTING STEP: LogIn.performAs - {0} enters #theTextAsAString into #target
23:55:43.158 [main] DEBUG net.serenitybdd.screenplay.targets.IFrameSwitcher -- default content already selected for Usuario
23:55:43.526 [main] DEBUG net.serenitybdd.core.photography.Darkroom -- Send negative for processing for C:\Users\dibaneznaran\Documents\Prueba_Tecnica\Prueba_Tecnica\target\site\serenity\93964626790851f2ec7d581eeedb245e9d5c5bf2b7faaf22fb150cef329a00f0.png
23:55:43.527 [Darkroom Processing Line] DEBUG net.serenitybdd.core.photography.DarkroomProcessingLine -- Processing screenshot image in /var/screenshots/screenshot-5416003887158725739
23:55:43.527 [main] DEBUG net.thucydides.core.steps.StepInterceptor -- STEP DONE: {0} enters #theTextAsAString into #target
23:55:43.527 [Darkroom Processing Line] DEBUG net.serenitybdd.core.photography.DarkroomProcessingLine -- Saving screenshot to C:\Users\dibaneznaran\Documents\Prueba_Tecnica\Prueba_Tecnica\target\site\serenity\93964626790851f2ec7d581eeedb245e9d5c5bf2b7faaf22fb150cef329a00f0.png
23:55:43.539 [main] DEBUG net.thucydides.core.steps.StepInterceptor -- STARTING STEP: LogIn.performAs - {0} enters #theTextAsAString into #target
23:55:43.555 [main] DEBUG net.serenitybdd.screenplay.targets.IFrameSwitcher -- default content already selected for Password
23:55:43.990 [main] DEBUG net.serenitybdd.core.photography.Darkroom -- Send negative for processing for C:\Users\dibaneznaran\Documents\Prueba_Tecnica\Prueba_Tecnica\target\site\serenity\9df0bb1fa38fcc341b99193d427d4c1c80f54a346a7aa68409468e38a2b200d3.png
23:55:43.991 [main] DEBUG net.thucydides.core.steps.StepInterceptor -- STEP DONE: {0} enters #theTextAsAString into #target
23:55:43.991 [Darkroom Processing Line] DEBUG net.serenitybdd.core.photography.DarkroomProcessingLine -- Processing screenshot image in /var/screenshots/screenshot-11684558171146380673
23:55:43.991 [Darkroom Processing Line] DEBUG net.serenitybdd.core.photography.DarkroomProcessingLine -- Saving screenshot to C:\Users\dibaneznaran\Documents\Prueba_Tecnica\Prueba_Tecnica\target\site\serenity\9df0bb1fa38fcc341b99193d427d4c1c80f54a346a7aa68409468e38a2b200d3.png
23:55:44.003 [main] DEBUG net.thucydides.core.steps.StepInterceptor -- STARTING STEP: LogIn.performAs - {0} clicks on #target
23:55:44.029 [main] DEBUG net.serenitybdd.screenplay.targets.IFrameSwitcher -- default content already selected for Boton LogIn
23:55:53.746 [main] DEBUG net.serenitybdd.core.photography.Darkroom -- Send negative for processing for C:\Users\dibaneznaran\Documents\Prueba_Tecnica\Prueba_Tecnica\target\site\serenity\8c70cc230e5bf99ccf5255bc54d170d66f14f0b6b630979651496838c2a71134.png
23:55:53.747 [Darkroom Processing Line] DEBUG net.serenitybdd.core.photography.DarkroomProcessingLine -- Processing screenshot image in /var/screenshots/screenshot-11195266438453430438
23:55:53.747 [main] DEBUG net.thucydides.core.steps.StepInterceptor -- STEP DONE: {0} clicks on #target
23:55:53.747 [Darkroom Processing Line] DEBUG net.serenitybdd.core.photography.DarkroomProcessingLine -- Saving screenshot to C:\Users\dibaneznaran\Documents\Prueba_Tecnica\Prueba_Tecnica\target\site\serenity\8c70cc230e5bf99ccf5255bc54d170d66f14f0b6b630979651496838c2a71134.png
23:55:53.756 [main] DEBUG net.thucydides.core.steps.StepInterceptor -- STEP DONE: performAs
23:55:54.220 [main] DEBUG net.serenitybdd.core.photography.Darkroom -- Send negative for processing for C:\Users\dibaneznaran\Documents\Prueba_Tecnica\Prueba_Tecnica\target\site\serenity\93417a568d901af321457b4e1224defbd00b8bb638efe6f59b870d2406469661.png
23:55:54.221 [Darkroom Processing Line] DEBUG net.serenitybdd.core.photography.DarkroomProcessingLine -- Processing screenshot image in /var/screenshots/screenshot-7118776045286909112
23:55:54.221 [Darkroom Processing Line] DEBUG net.serenitybdd.core.photography.DarkroomProcessingLine -- Saving screenshot to C:\Users\dibaneznaran\Documents\Prueba_Tecnica\Prueba_Tecnica\target\site\serenity\93417a568d901af321457b4e1224defbd00b8bb638efe6f59b870d2406469661.png
23:55:54.245 [main] DEBUG net.serenitybdd.screenplay.targets.IFrameSwitcher -- default content already selected for Boton LogOut
23:55:54.899 [main] DEBUG net.serenitybdd.core.photography.Darkroom -- Send negative for processing for C:\Users\dibaneznaran\Documents\Prueba_Tecnica\Prueba_Tecnica\target\site\serenity\d37b28d5f208f0add4ebe8d367513528b76963a7ae80aca70db7fd0059db9199.png
23:55:54.899 [Darkroom Processing Line] DEBUG net.serenitybdd.core.photography.DarkroomProcessingLine -- Processing screenshot image in /var/screenshots/screenshot-5538868995090288806
23:55:54.899 [Darkroom Processing Line] DEBUG net.serenitybdd.core.photography.DarkroomProcessingLine -- Saving screenshot to C:\Users\dibaneznaran\Documents\Prueba_Tecnica\Prueba_Tecnica\target\site\serenity\d37b28d5f208f0add4ebe8d367513528b76963a7ae80aca70db7fd0059db9199.png
23:55:54.938 [main] DEBUG net.thucydides.core.steps.StepInterceptor -- STARTING STEP: TestDemoQaStep.extractsTextFromFramesOfNestedFrames - performAs
23:55:55.103 [main] DEBUG net.serenitybdd.core.photography.Darkroom -- Send negative for processing for C:\Users\dibaneznaran\Documents\Prueba_Tecnica\Prueba_Tecnica\target\site\serenity\d37b28d5f208f0add4ebe8d367513528b76963a7ae80aca70db7fd0059db9199.png
23:55:55.104 [main] DEBUG net.thucydides.core.steps.StepInterceptor -- STARTING STEP: ModuleNastedFrame.performAs - {0} clicks on #target
23:55:55.116 [main] DEBUG net.serenitybdd.screenplay.targets.IFrameSwitcher -- default content already selected for Modulo de Alerts, Frame y Windows
23:55:55.400 [main] DEBUG net.serenitybdd.core.photography.Darkroom -- Send negative for processing for C:\Users\dibaneznaran\Documents\Prueba_Tecnica\Prueba_Tecnica\target\site\serenity\1dbd6627765433286b200813ce7441ec2bc1025d486abab5ccbcfee1e35d5c12.png
23:55:55.401 [main] DEBUG net.thucydides.core.steps.StepInterceptor -- STEP DONE: {0} clicks on #target
23:55:55.401 [Darkroom Processing Line] DEBUG net.serenitybdd.core.photography.DarkroomProcessingLine -- Processing screenshot image in /var/screenshots/screenshot-5770527664219303864
23:55:55.402 [Darkroom Processing Line] DEBUG net.serenitybdd.core.photography.DarkroomProcessingLine -- Saving screenshot to C:\Users\dibaneznaran\Documents\Prueba_Tecnica\Prueba_Tecnica\target\site\serenity\1dbd6627765433286b200813ce7441ec2bc1025d486abab5ccbcfee1e35d5c12.png
23:55:55.419 [main] DEBUG net.serenitybdd.screenplay.targets.IFrameSwitcher -- default content already selected for Sub Modulo de Nested Frames
23:55:55.649 [main] DEBUG net.serenitybdd.core.photography.Darkroom -- Send negative for processing for C:\Users\dibaneznaran\Documents\Prueba_Tecnica\Prueba_Tecnica\target\site\serenity\0259fb9c599ae057b4f7c433e966fb303c40373410febe26b43751744444399d.png
23:55:55.649 [Darkroom Processing Line] DEBUG net.serenitybdd.core.photography.DarkroomProcessingLine -- Processing screenshot image in /var/screenshots/screenshot-12553588981705881611
23:55:55.650 [Darkroom Processing Line] DEBUG net.serenitybdd.core.photography.DarkroomProcessingLine -- Saving screenshot to C:\Users\dibaneznaran\Documents\Prueba_Tecnica\Prueba_Tecnica\target\site\serenity\0259fb9c599ae057b4f7c433e966fb303c40373410febe26b43751744444399d.png
23:55:55.650 [main] DEBUG net.thucydides.core.steps.StepInterceptor -- STARTING STEP: ModuleNastedFrame.performAs - {0} clicks on #target
23:55:55.668 [main] DEBUG net.serenitybdd.screenplay.targets.IFrameSwitcher -- default content already selected for Sub Modulo de Nested Frames
23:55:55.951 [main] DEBUG net.serenitybdd.core.photography.Darkroom -- Send negative for processing for C:\Users\dibaneznaran\Documents\Prueba_Tecnica\Prueba_Tecnica\target\site\serenity\a585f63ac6b1b0e252f4d433cb99b4f737b1b44513154b7c475992a9991f4820.png
23:55:55.952 [main] DEBUG net.thucydides.core.steps.StepInterceptor -- STEP DONE: {0} clicks on #target
23:55:55.952 [Darkroom Processing Line] DEBUG net.serenitybdd.core.photography.DarkroomProcessingLine -- Processing screenshot image in /var/screenshots/screenshot-14898496649327115589
23:55:55.953 [Darkroom Processing Line] DEBUG net.serenitybdd.core.photography.DarkroomProcessingLine -- Saving screenshot to C:\Users\dibaneznaran\Documents\Prueba_Tecnica\Prueba_Tecnica\target\site\serenity\a585f63ac6b1b0e252f4d433cb99b4f737b1b44513154b7c475992a9991f4820.png
23:55:55.975 [main] DEBUG net.serenitybdd.screenplay.targets.IFrameSwitcher -- default content already selected for Titulo Nasted Frame
23:55:56.263 [main] DEBUG net.serenitybdd.core.photography.Darkroom -- Send negative for processing for C:\Users\dibaneznaran\Documents\Prueba_Tecnica\Prueba_Tecnica\target\site\serenity\5636a9a8f2b3f7fe8546e122e189dc763d1ce405c3bd67446419012e52d29fe8.png
23:55:56.263 [Darkroom Processing Line] DEBUG net.serenitybdd.core.photography.DarkroomProcessingLine -- Processing screenshot image in /var/screenshots/screenshot-744682644376170970
23:55:56.264 [main] DEBUG net.thucydides.core.steps.StepInterceptor -- STEP DONE: performAs
23:55:56.264 [Darkroom Processing Line] DEBUG net.serenitybdd.core.photography.DarkroomProcessingLine -- Saving screenshot to C:\Users\dibaneznaran\Documents\Prueba_Tecnica\Prueba_Tecnica\target\site\serenity\5636a9a8f2b3f7fe8546e122e189dc763d1ce405c3bd67446419012e52d29fe8.png
23:55:56.281 [main] DEBUG net.thucydides.core.steps.StepInterceptor -- STARTING STEP: TestDemoQaStep.extractsTextFromFramesOfNestedFrames - performAs
23:55:58.405 [main] DEBUG net.serenitybdd.screenplay.targets.IFrameSwitcher -- default content already selected for Texto parent frame
23:55:58.482 [main] DEBUG net.serenitybdd.screenplay.targets.IFrameSwitcher -- default content already selected for Texto child iframe
23:55:58.692 [main] DEBUG net.serenitybdd.core.photography.Darkroom -- Send negative for processing for C:\Users\dibaneznaran\Documents\Prueba_Tecnica\Prueba_Tecnica\target\site\serenity\57895fdac1f006f84239611430c67b2895bca7c2ff056ddc9f44d9d0725a944b.png
23:55:58.693 [Darkroom Processing Line] DEBUG net.serenitybdd.core.photography.DarkroomProcessingLine -- Processing screenshot image in /var/screenshots/screenshot-7530438176709030202
23:55:58.693 [main] DEBUG net.thucydides.core.steps.StepInterceptor -- STARTING STEP: TextNestedFrames.performAs - {0} should see #description
23:55:58.693 [Darkroom Processing Line] DEBUG net.serenitybdd.core.photography.DarkroomProcessingLine -- Saving screenshot to C:\Users\dibaneznaran\Documents\Prueba_Tecnica\Prueba_Tecnica\target\site\serenity\57895fdac1f006f84239611430c67b2895bca7c2ff056ddc9f44d9d0725a944b.png
23:55:58.703 [main] DEBUG net.thucydides.core.steps.StepInterceptor -- STEP DONE: {0} should see #description
23:55:58.717 [main] DEBUG net.thucydides.core.steps.StepInterceptor -- STARTING STEP: TextNestedFrames.performAs - {0} should see #description
23:55:58.722 [main] DEBUG net.thucydides.core.steps.StepInterceptor -- STEP DONE: {0} should see #description
23:55:58.734 [main] DEBUG net.thucydides.core.steps.StepInterceptor -- STEP DONE: performAs
23:55:58.879 [main] DEBUG net.serenitybdd.core.photography.Darkroom -- Send negative for processing for C:\Users\dibaneznaran\Documents\Prueba_Tecnica\Prueba_Tecnica\target\site\serenity\57895fdac1f006f84239611430c67b2895bca7c2ff056ddc9f44d9d0725a944b.png
23:55:59.714 [main] DEBUG net.serenitybdd.core.photography.Darkroom -- Send negative for processing for C:\Users\dibaneznaran\Documents\Prueba_Tecnica\Prueba_Tecnica\target\site\serenity\57895fdac1f006f84239611430c67b2895bca7c2ff056ddc9f44d9d0725a944b.png
23:55:59.715 [main] DEBUG net.thucydides.core.steps.StepInterceptor -- STARTING STEP: TestDemoQaStep.enterInformationFromThePracticeFormModule - performAs
23:55:59.722 [main] DEBUG net.thucydides.core.steps.StepInterceptor -- STARTING STEP: ModulePracticeForm.performAs - {0} clicks on #target
23:55:59.735 [main] DEBUG net.serenitybdd.screenplay.targets.IFrameSwitcher -- default content already selected for Modulo de Forms
23:55:59.988 [main] DEBUG net.serenitybdd.core.photography.Darkroom -- Send negative for processing for C:\Users\dibaneznaran\Documents\Prueba_Tecnica\Prueba_Tecnica\target\site\serenity\9f9ec4d51cdcdeb68dc77d23a257d11783fe6ca786e141184c82c099f62a56df.png
23:55:59.988 [main] DEBUG net.thucydides.core.steps.StepInterceptor -- STEP DONE: {0} clicks on #target
23:55:59.988 [Darkroom Processing Line] DEBUG net.serenitybdd.core.photography.DarkroomProcessingLine -- Processing screenshot image in /var/screenshots/screenshot-14714389412039447207
23:55:59.988 [Darkroom Processing Line] DEBUG net.serenitybdd.core.photography.DarkroomProcessingLine -- Saving screenshot to C:\Users\dibaneznaran\Documents\Prueba_Tecnica\Prueba_Tecnica\target\site\serenity\9f9ec4d51cdcdeb68dc77d23a257d11783fe6ca786e141184c82c099f62a56df.png
23:55:59.994 [main] DEBUG net.thucydides.core.steps.StepInterceptor -- STARTING STEP: ModulePracticeForm.performAs - {0} clicks on #target
23:56:00.006 [main] DEBUG net.serenitybdd.screenplay.targets.IFrameSwitcher -- default content already selected for Submodulo Practice Form
23:56:00.298 [main] DEBUG net.serenitybdd.core.photography.Darkroom -- Send negative for processing for C:\Users\dibaneznaran\Documents\Prueba_Tecnica\Prueba_Tecnica\target\site\serenity\281fc2c20291a9c87a2b4e5299878cf75ff478a8d97277b6feba90c92b1eafaf.png
23:56:00.298 [main] DEBUG net.thucydides.core.steps.StepInterceptor -- STEP DONE: {0} clicks on #target
23:56:00.298 [Darkroom Processing Line] DEBUG net.serenitybdd.core.photography.DarkroomProcessingLine -- Processing screenshot image in /var/screenshots/screenshot-14784559889619590025
23:56:00.298 [Darkroom Processing Line] DEBUG net.serenitybdd.core.photography.DarkroomProcessingLine -- Saving screenshot to C:\Users\dibaneznaran\Documents\Prueba_Tecnica\Prueba_Tecnica\target\site\serenity\281fc2c20291a9c87a2b4e5299878cf75ff478a8d97277b6feba90c92b1eafaf.png
23:56:00.303 [main] DEBUG net.thucydides.core.steps.StepInterceptor -- STEP DONE: performAs
23:56:00.335 [main] DEBUG net.serenitybdd.screenplay.targets.IFrameSwitcher -- default content already selected for Titulo Practice Form
23:56:00.513 [main] DEBUG net.serenitybdd.core.photography.Darkroom -- Send negative for processing for C:\Users\dibaneznaran\Documents\Prueba_Tecnica\Prueba_Tecnica\target\site\serenity\37e06ebd3732fdf7d002338ad438d0bc14e33554c6d8768fcc3ff577fbce6dc1.png
23:56:00.513 [Darkroom Processing Line] DEBUG net.serenitybdd.core.photography.DarkroomProcessingLine -- Processing screenshot image in /var/screenshots/screenshot-797383282272377436
23:56:00.513 [main] DEBUG net.thucydides.core.steps.StepInterceptor -- STARTING STEP: PracticeForm.performAs - {0} enters #theTextAsAString into #target
23:56:00.513 [Darkroom Processing Line] DEBUG net.serenitybdd.core.photography.DarkroomProcessingLine -- Saving screenshot to C:\Users\dibaneznaran\Documents\Prueba_Tecnica\Prueba_Tecnica\target\site\serenity\37e06ebd3732fdf7d002338ad438d0bc14e33554c6d8768fcc3ff577fbce6dc1.png
23:56:00.527 [main] DEBUG net.serenitybdd.screenplay.targets.IFrameSwitcher -- default content already selected for Primer Nombre
23:56:00.793 [main] DEBUG net.serenitybdd.core.photography.Darkroom -- Send negative for processing for C:\Users\dibaneznaran\Documents\Prueba_Tecnica\Prueba_Tecnica\target\site\serenity\22666a984f522596f9b766e8487dcf96d716e75539bbec450cb9a421dc2a59cd.png
23:56:00.793 [main] DEBUG net.thucydides.core.steps.StepInterceptor -- STEP DONE: {0} enters #theTextAsAString into #target
23:56:00.793 [Darkroom Processing Line] DEBUG net.serenitybdd.core.photography.DarkroomProcessingLine -- Processing screenshot image in /var/screenshots/screenshot-2818616248391127165
23:56:00.793 [Darkroom Processing Line] DEBUG net.serenitybdd.core.photography.DarkroomProcessingLine -- Saving screenshot to C:\Users\dibaneznaran\Documents\Prueba_Tecnica\Prueba_Tecnica\target\site\serenity\22666a984f522596f9b766e8487dcf96d716e75539bbec450cb9a421dc2a59cd.png
23:56:00.800 [main] DEBUG net.thucydides.core.steps.StepInterceptor -- STARTING STEP: PracticeForm.performAs - {0} enters #theTextAsAString into #target
23:56:00.815 [main] DEBUG net.serenitybdd.screenplay.targets.IFrameSwitcher -- default content already selected for Apellido
23:56:01.074 [main] DEBUG net.serenitybdd.core.photography.Darkroom -- Send negative for processing for C:\Users\dibaneznaran\Documents\Prueba_Tecnica\Prueba_Tecnica\target\site\serenity\fda77d30b28d45cb890bc825a4cba67886efc02272fa44c6ce41513da2cf06e5.png
23:56:01.075 [main] DEBUG net.thucydides.core.steps.StepInterceptor -- STEP DONE: {0} enters #theTextAsAString into #target
23:56:01.075 [Darkroom Processing Line] DEBUG net.serenitybdd.core.photography.DarkroomProcessingLine -- Processing screenshot image in /var/screenshots/screenshot-17743739128800928681
23:56:01.075 [Darkroom Processing Line] DEBUG net.serenitybdd.core.photography.DarkroomProcessingLine -- Saving screenshot to C:\Users\dibaneznaran\Documents\Prueba_Tecnica\Prueba_Tecnica\target\site\serenity\fda77d30b28d45cb890bc825a4cba67886efc02272fa44c6ce41513da2cf06e5.png
23:56:01.080 [main] DEBUG net.thucydides.core.steps.StepInterceptor -- STARTING STEP: PracticeForm.performAs - {0} enters #theTextAsAString into #target
23:56:01.092 [main] DEBUG net.serenitybdd.screenplay.targets.IFrameSwitcher -- default content already selected for Email
23:56:01.394 [main] DEBUG net.serenitybdd.core.photography.Darkroom -- Send negative for processing for C:\Users\dibaneznaran\Documents\Prueba_Tecnica\Prueba_Tecnica\target\site\serenity\381edfaaed47eb260d9c812cb02c296d0dc84d74a1ddd2246d1282f21a53cec3.png
23:56:01.394 [main] DEBUG net.thucydides.core.steps.StepInterceptor -- STEP DONE: {0} enters #theTextAsAString into #target
23:56:01.394 [Darkroom Processing Line] DEBUG net.serenitybdd.core.photography.DarkroomProcessingLine -- Processing screenshot image in /var/screenshots/screenshot-15795609735534772663
23:56:01.395 [Darkroom Processing Line] DEBUG net.serenitybdd.core.photography.DarkroomProcessingLine -- Saving screenshot to C:\Users\dibaneznaran\Documents\Prueba_Tecnica\Prueba_Tecnica\target\site\serenity\381edfaaed47eb260d9c812cb02c296d0dc84d74a1ddd2246d1282f21a53cec3.png
23:56:01.408 [main] DEBUG net.serenitybdd.screenplay.targets.IFrameSwitcher -- default content already selected for Genero
23:56:01.674 [main] DEBUG net.serenitybdd.core.photography.Darkroom -- Send negative for processing for C:\Users\dibaneznaran\Documents\Prueba_Tecnica\Prueba_Tecnica\target\site\serenity\514481c3b6d11e191bee4fc33aae0238bcf2729c670640fb0ab265a1e4ad2205.png
23:56:01.675 [main] DEBUG net.thucydides.core.steps.StepInterceptor -- STARTING STEP: PracticeForm.performAs - {0} clicks on #target
23:56:01.675 [Darkroom Processing Line] DEBUG net.serenitybdd.core.photography.DarkroomProcessingLine -- Processing screenshot image in /var/screenshots/screenshot-12530537659434339650
23:56:01.675 [Darkroom Processing Line] DEBUG net.serenitybdd.core.photography.DarkroomProcessingLine -- Saving screenshot to C:\Users\dibaneznaran\Documents\Prueba_Tecnica\Prueba_Tecnica\target\site\serenity\514481c3b6d11e191bee4fc33aae0238bcf2729c670640fb0ab265a1e4ad2205.png
23:56:01.688 [main] DEBUG net.serenitybdd.screenplay.targets.IFrameSwitcher -- default content already selected for Genero
23:56:01.908 [main] DEBUG net.serenitybdd.core.photography.Darkroom -- Send negative for processing for C:\Users\dibaneznaran\Documents\Prueba_Tecnica\Prueba_Tecnica\target\site\serenity\7d16decc4f389b9905fa038deb868b251c304c4ce1ae034c9eb130610392a115.png
23:56:01.908 [Darkroom Processing Line] DEBUG net.serenitybdd.core.photography.DarkroomProcessingLine -- Processing screenshot image in /var/screenshots/screenshot-15816575065935165293
23:56:01.909 [Darkroom Processing Line] DEBUG net.serenitybdd.core.photography.DarkroomProcessingLine -- Saving screenshot to C:\Users\dibaneznaran\Documents\Prueba_Tecnica\Prueba_Tecnica\target\site\serenity\7d16decc4f389b9905fa038deb868b251c304c4ce1ae034c9eb130610392a115.png
23:56:01.909 [main] DEBUG net.thucydides.core.steps.StepInterceptor -- STEP DONE: {0} clicks on #target
23:56:01.915 [main] DEBUG net.thucydides.core.steps.StepInterceptor -- STARTING STEP: PracticeForm.performAs - {0} enters #theTextAsAString into #target
23:56:01.927 [main] DEBUG net.serenitybdd.screenplay.targets.IFrameSwitcher -- default content already selected for Telefono
23:56:02.218 [main] DEBUG net.serenitybdd.core.photography.Darkroom -- Send negative for processing for C:\Users\dibaneznaran\Documents\Prueba_Tecnica\Prueba_Tecnica\target\site\serenity\9f2076ef6929866a90887eb8e813a2f4b841dee1eb513d018847048089aa242d.png
23:56:02.219 [main] DEBUG net.thucydides.core.steps.StepInterceptor -- STEP DONE: {0} enters #theTextAsAString into #target
23:56:02.219 [Darkroom Processing Line] DEBUG net.serenitybdd.core.photography.DarkroomProcessingLine -- Processing screenshot image in /var/screenshots/screenshot-3324423520416570400
23:56:02.219 [Darkroom Processing Line] DEBUG net.serenitybdd.core.photography.DarkroomProcessingLine -- Saving screenshot to C:\Users\dibaneznaran\Documents\Prueba_Tecnica\Prueba_Tecnica\target\site\serenity\9f2076ef6929866a90887eb8e813a2f4b841dee1eb513d018847048089aa242d.png
23:56:02.236 [main] DEBUG net.thucydides.core.steps.StepInterceptor -- STARTING STEP: PracticeForm.performAs - {0} clicks on #target
23:56:02.255 [main] DEBUG net.serenitybdd.screenplay.targets.IFrameSwitcher -- default content already selected for Fecha de Nacimiento
23:56:02.573 [main] DEBUG net.serenitybdd.core.photography.Darkroom -- Send negative for processing for C:\Users\dibaneznaran\Documents\Prueba_Tecnica\Prueba_Tecnica\target\site\serenity\0d2dbd0e3ea695137a821279e1174ef5de4a8a6278193b417747fbc56a699f18.png
23:56:02.573 [main] DEBUG net.thucydides.core.steps.StepInterceptor -- STEP DONE: {0} clicks on #target
23:56:02.573 [Darkroom Processing Line] DEBUG net.serenitybdd.core.photography.DarkroomProcessingLine -- Processing screenshot image in /var/screenshots/screenshot-298506052430217945
23:56:02.573 [Darkroom Processing Line] DEBUG net.serenitybdd.core.photography.DarkroomProcessingLine -- Saving screenshot to C:\Users\dibaneznaran\Documents\Prueba_Tecnica\Prueba_Tecnica\target\site\serenity\0d2dbd0e3ea695137a821279e1174ef5de4a8a6278193b417747fbc56a699f18.png
23:56:02.578 [main] DEBUG net.thucydides.core.steps.StepInterceptor -- STARTING STEP: PracticeForm.performAs - {0} clicks on #target
23:56:02.591 [main] DEBUG net.serenitybdd.screenplay.targets.IFrameSwitcher -- default content already selected for Fecha de Nacimiento
23:56:02.772 [main] DEBUG net.serenitybdd.core.photography.Darkroom -- Send negative for processing for C:\Users\dibaneznaran\Documents\Prueba_Tecnica\Prueba_Tecnica\target\site\serenity\eabd5b3846b8c1bee0a16ed5e5d31a3496d62a4be19f6b8ee1720ed06c354de1.png
23:56:02.772 [main] DEBUG net.thucydides.core.steps.StepInterceptor -- STEP DONE: {0} clicks on #target
23:56:02.772 [Darkroom Processing Line] DEBUG net.serenitybdd.core.photography.DarkroomProcessingLine -- Processing screenshot image in /var/screenshots/screenshot-14956524630472112867
23:56:02.773 [Darkroom Processing Line] DEBUG net.serenitybdd.core.photography.DarkroomProcessingLine -- Saving screenshot to C:\Users\dibaneznaran\Documents\Prueba_Tecnica\Prueba_Tecnica\target\site\serenity\eabd5b3846b8c1bee0a16ed5e5d31a3496d62a4be19f6b8ee1720ed06c354de1.png
23:56:02.785 [main] DEBUG net.thucydides.core.steps.StepInterceptor -- STARTING STEP: PracticeForm.performAs - {0} selects #values in #target
23:56:02.796 [main] DEBUG net.serenitybdd.screenplay.targets.IFrameSwitcher -- default content already selected for Seleccionar el año
23:56:03.050 [main] DEBUG net.serenitybdd.core.photography.Darkroom -- Send negative for processing for C:\Users\dibaneznaran\Documents\Prueba_Tecnica\Prueba_Tecnica\target\site\serenity\25abdba99fde58b50c9738507e0ec6716bc648124f7ce5903e161149c2fad0ad.png
23:56:03.051 [Darkroom Processing Line] DEBUG net.serenitybdd.core.photography.DarkroomProcessingLine -- Processing screenshot image in /var/screenshots/screenshot-10113250235579655550
23:56:03.051 [main] DEBUG net.thucydides.core.steps.StepInterceptor -- STEP DONE: {0} selects #values in #target
23:56:03.051 [Darkroom Processing Line] DEBUG net.serenitybdd.core.photography.DarkroomProcessingLine -- Saving screenshot to C:\Users\dibaneznaran\Documents\Prueba_Tecnica\Prueba_Tecnica\target\site\serenity\25abdba99fde58b50c9738507e0ec6716bc648124f7ce5903e161149c2fad0ad.png
23:56:03.070 [main] DEBUG net.thucydides.core.steps.StepInterceptor -- STARTING STEP: PracticeForm.performAs - {0} selects #selectedOptions on #target
23:56:03.089 [main] DEBUG net.serenitybdd.screenplay.targets.IFrameSwitcher -- default content already selected for Seleccionar el mes
23:56:03.307 [main] DEBUG net.serenitybdd.core.photography.Darkroom -- Send negative for processing for C:\Users\dibaneznaran\Documents\Prueba_Tecnica\Prueba_Tecnica\target\site\serenity\8eb127a480ad7a3ce1842cdfe5eb8e708925728f38ea9527bd4fb1141c555120.png
23:56:03.307 [main] DEBUG net.thucydides.core.steps.StepInterceptor -- STEP DONE: {0} selects #selectedOptions on #target
23:56:03.307 [Darkroom Processing Line] DEBUG net.serenitybdd.core.photography.DarkroomProcessingLine -- Processing screenshot image in /var/screenshots/screenshot-15392902126718239133
23:56:03.308 [Darkroom Processing Line] DEBUG net.serenitybdd.core.photography.DarkroomProcessingLine -- Saving screenshot to C:\Users\dibaneznaran\Documents\Prueba_Tecnica\Prueba_Tecnica\target\site\serenity\8eb127a480ad7a3ce1842cdfe5eb8e708925728f38ea9527bd4fb1141c555120.png
23:56:03.313 [main] DEBUG net.thucydides.core.steps.StepInterceptor -- STARTING STEP: PracticeForm.performAs - {0} clicks on #target
23:56:03.325 [main] DEBUG net.serenitybdd.screenplay.targets.IFrameSwitcher -- default content already selected for Seleccionar el dia
23:56:03.531 [main] DEBUG net.serenitybdd.core.photography.Darkroom -- Send negative for processing for C:\Users\dibaneznaran\Documents\Prueba_Tecnica\Prueba_Tecnica\target\site\serenity\d8d6c90866ee2ec6acf6d98993cd657a6e2df38c29ae9b863f70dd8c14a9f71c.png
23:56:03.531 [main] DEBUG net.thucydides.core.steps.StepInterceptor -- STEP DONE: {0} clicks on #target
23:56:03.531 [Darkroom Processing Line] DEBUG net.serenitybdd.core.photography.DarkroomProcessingLine -- Processing screenshot image in /var/screenshots/screenshot-10651747785225493295
23:56:03.532 [Darkroom Processing Line] DEBUG net.serenitybdd.core.photography.DarkroomProcessingLine -- Saving screenshot to C:\Users\dibaneznaran\Documents\Prueba_Tecnica\Prueba_Tecnica\target\site\serenity\d8d6c90866ee2ec6acf6d98993cd657a6e2df38c29ae9b863f70dd8c14a9f71c.png
23:56:03.554 [main] DEBUG net.thucydides.core.steps.StepInterceptor -- STARTING STEP: PracticeForm.performAs - {0} enters #theTextAsAString into #target
23:56:03.566 [main] DEBUG net.serenitybdd.screenplay.targets.IFrameSwitcher -- default content already selected for Materias
23:56:03.733 [main] DEBUG net.serenitybdd.screenplay.targets.IFrameSwitcher -- default content already selected for Materias
23:56:03.939 [main] DEBUG net.serenitybdd.core.photography.Darkroom -- Send negative for processing for C:\Users\dibaneznaran\Documents\Prueba_Tecnica\Prueba_Tecnica\target\site\serenity\54d47eb420cc01176565f39284e1e6c3e4e4cfd7e9ae06231e8a9aa44a129859.png
23:56:03.939 [main] DEBUG net.thucydides.core.steps.StepInterceptor -- STEP DONE: {0} enters #theTextAsAString into #target
23:56:03.939 [Darkroom Processing Line] DEBUG net.serenitybdd.core.photography.DarkroomProcessingLine -- Processing screenshot image in /var/screenshots/screenshot-4603427780957785549
23:56:03.939 [Darkroom Processing Line] DEBUG net.serenitybdd.core.photography.DarkroomProcessingLine -- Saving screenshot to C:\Users\dibaneznaran\Documents\Prueba_Tecnica\Prueba_Tecnica\target\site\serenity\54d47eb420cc01176565f39284e1e6c3e4e4cfd7e9ae06231e8a9aa44a129859.png
23:56:03.944 [main] DEBUG net.thucydides.core.steps.StepInterceptor -- STARTING STEP: PracticeForm.performAs - {0} clicks on #target
23:56:03.955 [main] DEBUG net.serenitybdd.screenplay.targets.IFrameSwitcher -- default content already selected for Hobbies
23:56:04.171 [main] DEBUG net.serenitybdd.core.photography.Darkroom -- Send negative for processing for C:\Users\dibaneznaran\Documents\Prueba_Tecnica\Prueba_Tecnica\target\site\serenity\4b36ba24051978574c1e3c7e784f3100e4fbac229e88ece16dfa62f459cea222.png
23:56:04.171 [main] DEBUG net.thucydides.core.steps.StepInterceptor -- STEP DONE: {0} clicks on #target
23:56:04.171 [Darkroom Processing Line] DEBUG net.serenitybdd.core.photography.DarkroomProcessingLine -- Processing screenshot image in /var/screenshots/screenshot-15509841517254120322
23:56:04.171 [Darkroom Processing Line] DEBUG net.serenitybdd.core.photography.DarkroomProcessingLine -- Saving screenshot to C:\Users\dibaneznaran\Documents\Prueba_Tecnica\Prueba_Tecnica\target\site\serenity\4b36ba24051978574c1e3c7e784f3100e4fbac229e88ece16dfa62f459cea222.png
23:56:04.175 [main] DEBUG net.thucydides.core.steps.StepInterceptor -- STARTING STEP: PracticeForm.performAs - {0} enters #theTextAsAString into #target
23:56:04.186 [main] DEBUG net.serenitybdd.screenplay.targets.IFrameSwitcher -- default content already selected for Pintura
23:56:04.388 [main] DEBUG net.serenitybdd.core.photography.Darkroom -- Send negative for processing for C:\Users\dibaneznaran\Documents\Prueba_Tecnica\Prueba_Tecnica\target\site\serenity\c5ea9dcddcf5e1de81ad4d3ff818b6f58c48cb45ba42602324c5cca1f05616ee.png
23:56:04.388 [main] DEBUG net.thucydides.core.steps.StepInterceptor -- STEP DONE: {0} enters #theTextAsAString into #target
23:56:04.388 [Darkroom Processing Line] DEBUG net.serenitybdd.core.photography.DarkroomProcessingLine -- Processing screenshot image in /var/screenshots/screenshot-12753282988187747321
23:56:04.389 [Darkroom Processing Line] DEBUG net.serenitybdd.core.photography.DarkroomProcessingLine -- Saving screenshot to C:\Users\dibaneznaran\Documents\Prueba_Tecnica\Prueba_Tecnica\target\site\serenity\c5ea9dcddcf5e1de81ad4d3ff818b6f58c48cb45ba42602324c5cca1f05616ee.png
23:56:04.393 [main] DEBUG net.thucydides.core.steps.StepInterceptor -- STARTING STEP: PracticeForm.performAs - {0} enters #theTextAsAString into #target
23:56:04.403 [main] DEBUG net.serenitybdd.screenplay.targets.IFrameSwitcher -- default content already selected for Direccion Actual
23:56:04.703 [main] DEBUG net.serenitybdd.core.photography.Darkroom -- Send negative for processing for C:\Users\dibaneznaran\Documents\Prueba_Tecnica\Prueba_Tecnica\target\site\serenity\e65a73340ea5debd13aa6ee83e2db679e1f201c7a4c57efe691b1a4f6783a919.png
23:56:04.703 [main] DEBUG net.thucydides.core.steps.StepInterceptor -- STEP DONE: {0} enters #theTextAsAString into #target
23:56:04.703 [Darkroom Processing Line] DEBUG net.serenitybdd.core.photography.DarkroomProcessingLine -- Processing screenshot image in /var/screenshots/screenshot-18043762778474919555
23:56:04.703 [Darkroom Processing Line] DEBUG net.serenitybdd.core.photography.DarkroomProcessingLine -- Saving screenshot to C:\Users\dibaneznaran\Documents\Prueba_Tecnica\Prueba_Tecnica\target\site\serenity\e65a73340ea5debd13aa6ee83e2db679e1f201c7a4c57efe691b1a4f6783a919.png
23:56:04.709 [main] DEBUG net.thucydides.core.steps.StepInterceptor -- STARTING STEP: PracticeForm.performAs - {0} enters #theTextAsAString into #target
23:56:04.721 [main] DEBUG net.serenitybdd.screenplay.targets.IFrameSwitcher -- default content already selected for Estado
23:56:04.850 [main] DEBUG net.serenitybdd.screenplay.targets.IFrameSwitcher -- default content already selected for Estado
23:56:05.015 [main] DEBUG net.serenitybdd.core.photography.Darkroom -- Send negative for processing for C:\Users\dibaneznaran\Documents\Prueba_Tecnica\Prueba_Tecnica\target\site\serenity\220c4c40dd912abf0c69cc8c717b14837e9f0286d04cfd3395c2e8af853a0e0f.png
23:56:05.015 [main] DEBUG net.thucydides.core.steps.StepInterceptor -- STEP DONE: {0} enters #theTextAsAString into #target
23:56:05.016 [Darkroom Processing Line] DEBUG net.serenitybdd.core.photography.DarkroomProcessingLine -- Processing screenshot image in /var/screenshots/screenshot-14910552724525974588
23:56:05.016 [Darkroom Processing Line] DEBUG net.serenitybdd.core.photography.DarkroomProcessingLine -- Saving screenshot to C:\Users\dibaneznaran\Documents\Prueba_Tecnica\Prueba_Tecnica\target\site\serenity\220c4c40dd912abf0c69cc8c717b14837e9f0286d04cfd3395c2e8af853a0e0f.png
23:56:05.020 [main] DEBUG net.thucydides.core.steps.StepInterceptor -- STARTING STEP: PracticeForm.performAs - {0} enters #theTextAsAString into #target
23:56:05.032 [main] DEBUG net.serenitybdd.screenplay.targets.IFrameSwitcher -- default content already selected for Ciudad
23:56:05.181 [main] DEBUG net.serenitybdd.screenplay.targets.IFrameSwitcher -- default content already selected for Ciudad
23:56:05.353 [main] DEBUG net.serenitybdd.core.photography.Darkroom -- Send negative for processing for C:\Users\dibaneznaran\Documents\Prueba_Tecnica\Prueba_Tecnica\target\site\serenity\8bfa012673b5e96c146a76beb34107295c158afaf13c90866cc42a48ecd8b1d5.png
23:56:05.353 [main] DEBUG net.thucydides.core.steps.StepInterceptor -- STEP DONE: {0} enters #theTextAsAString into #target
23:56:05.353 [Darkroom Processing Line] DEBUG net.serenitybdd.core.photography.DarkroomProcessingLine -- Processing screenshot image in /var/screenshots/screenshot-13755332387128899732
23:56:05.353 [Darkroom Processing Line] DEBUG net.serenitybdd.core.photography.DarkroomProcessingLine -- Saving screenshot to C:\Users\dibaneznaran\Documents\Prueba_Tecnica\Prueba_Tecnica\target\site\serenity\8bfa012673b5e96c146a76beb34107295c158afaf13c90866cc42a48ecd8b1d5.png
23:56:05.363 [main] DEBUG net.serenitybdd.screenplay.targets.IFrameSwitcher -- default content already selected for Boton de Guardar
23:56:05.394 [main] DEBUG net.thucydides.core.steps.StepInterceptor -- STARTING STEP: PracticeForm.performAs - {0} clicks on #target
23:56:05.409 [main] DEBUG net.serenitybdd.screenplay.targets.IFrameSwitcher -- default content already selected for Boton de Guardar
23:56:05.684 [main] DEBUG net.serenitybdd.core.photography.Darkroom -- Send negative for processing for C:\Users\dibaneznaran\Documents\Prueba_Tecnica\Prueba_Tecnica\target\site\serenity\f0763f862da09c4acd76985865234ab181fcc6a224c3b07c090c6ddedb60bb45.png
23:56:05.685 [main] DEBUG net.thucydides.core.steps.StepInterceptor -- STEP DONE: {0} clicks on #target
23:56:05.685 [Darkroom Processing Line] DEBUG net.serenitybdd.core.photography.DarkroomProcessingLine -- Processing screenshot image in /var/screenshots/screenshot-10562112355011983879
23:56:05.685 [Darkroom Processing Line] DEBUG net.serenitybdd.core.photography.DarkroomProcessingLine -- Saving screenshot to C:\Users\dibaneznaran\Documents\Prueba_Tecnica\Prueba_Tecnica\target\site\serenity\f0763f862da09c4acd76985865234ab181fcc6a224c3b07c090c6ddedb60bb45.png
23:56:05.700 [main] DEBUG net.serenitybdd.screenplay.targets.IFrameSwitcher -- default content already selected for Boton de Cerrar
23:56:05.866 [main] DEBUG net.serenitybdd.core.photography.Darkroom -- Send negative for processing for C:\Users\dibaneznaran\Documents\Prueba_Tecnica\Prueba_Tecnica\target\site\serenity\8c2c714421c9ea5a481d5ac99f438ebb325b8d513b36c0fb4ddb769f9d01c12f.png
23:56:05.866 [Darkroom Processing Line] DEBUG net.serenitybdd.core.photography.DarkroomProcessingLine -- Processing screenshot image in /var/screenshots/screenshot-11959194685811217837
23:56:05.867 [main] DEBUG net.thucydides.core.steps.StepInterceptor -- STARTING STEP: PracticeForm.performAs - {0} clicks on #target
23:56:05.867 [Darkroom Processing Line] DEBUG net.serenitybdd.core.photography.DarkroomProcessingLine -- Saving screenshot to C:\Users\dibaneznaran\Documents\Prueba_Tecnica\Prueba_Tecnica\target\site\serenity\8c2c714421c9ea5a481d5ac99f438ebb325b8d513b36c0fb4ddb769f9d01c12f.png
23:56:05.877 [main] DEBUG net.serenitybdd.screenplay.targets.IFrameSwitcher -- default content already selected for Boton de Cerrar
23:56:22.130 [main] DEBUG net.serenitybdd.core.photography.Darkroom -- Send negative for processing for C:\Users\dibaneznaran\Documents\Prueba_Tecnica\Prueba_Tecnica\target\site\serenity\8bc692ee82ab07b772a01b89f4b130836a02e96ac23cdf041c5ea04266416c8f.png
23:56:22.130 [Darkroom Processing Line] DEBUG net.serenitybdd.core.photography.DarkroomProcessingLine -- Processing screenshot image in /var/screenshots/screenshot-5568590688712941218
23:56:22.130 [Darkroom Processing Line] DEBUG net.serenitybdd.core.photography.DarkroomProcessingLine -- Saving screenshot to C:\Users\dibaneznaran\Documents\Prueba_Tecnica\Prueba_Tecnica\target\site\serenity\8bc692ee82ab07b772a01b89f4b130836a02e96ac23cdf041c5ea04266416c8f.png
23:56:22.275 [main] ERROR  -- 
  _____   ___   ___   _____     ___   ___   ___    ___    ___ 
 |_   _| | __| / __| |_   _|   | __| | _ \ | _ \  / _ \  | _ \
   | |   | _|  \__ \   | |     | _|  |   / |   / | (_) | |   /
   |_|   |___| |___/   |_|     |___| |_|_\ |_|_\  \___/  |_|_\

Validar los modulos Alerts, Frame & Windows, Practice Form  y Book Store Application
---------------------------------------------------------------
23:56:22.277 [main] DEBUG  -- RELATED ISSUES: 
23:56:22.278 [main] ERROR  --     Test failed at step: usuario clicks on Boton de Cerrar
23:56:22.279 [main] ERROR  --     element click intercepted: Element <button id="closeLargeModal" type="button" class="btn btn-primary">...</button> is not clickable at point (926, 723). Other element would receive the click: <div class="modal-footer">...</div>
]]></system-out>
    <system-err><![CDATA[Sep 02, 2024 11:55:27 PM org.openqa.selenium.devtools.CdpVersionFinder findNearestMatch
WARNING: Unable to find CDP implementation matching 128
Sep 02, 2024 11:55:27 PM org.openqa.selenium.chromium.ChromiumDriver lambda$new$5
WARNING: Unable to find version of CDP to use for 128.0.6613.113. You may need to include a dependency on a specific version of the CDP using something similar to `org.seleniumhq.selenium:selenium-devtools-v86:4.18.1` where the version ("v86") matches the version of the chromium-based browser you're using and the version number of the artifact is the same as Selenium's.
ERROR StatusLogger Log4j2 could not find a logging implementation. Please add log4j-core to the classpath. Using SimpleLogger to log to the console...
]]></system-err>
  </testcase>
</testsuite>