<?xml version="1.0" encoding="UTF-8"?>
<testsuite xmlns:xsi="http://www.w3.org/2001/XMLSchema-instance" xsi:noNamespaceSchemaLocation="https://maven.apache.org/surefire/maven-failsafe-plugin/xsd/failsafe-test-report-3.0.xsd" version="3.0" name="runner.RunnerTestSuite" time="16.399" tests="1" errors="0" skipped="0" failures="0">
  <properties>
[...]
</properties>
  <testcase name="Validar los modulos Alerts, Frame &amp; Windows, Practice Form  y Book Store Application" classname="Interactuar con la pagina web Demo QA" time="16.174">
    <system-out><![CDATA[00:19:12.498 [main] DEBUG io.cucumber.core.plugin.SerenityReporter -- Running feature from file:///C:/Users/USUARIO/Documents/Diego/Pruebas%20Tecnicas/prueba-tecnica-periferia/src/test/resources/features/test_calculator_android.feature
00:19:12.536 [main] INFO  -- 

-------------------------------------------------------------------------------------
     _______. _______ .______       _______ .__   __.  __  .___________.____    ____ 
    /       ||   ____||   _  \     |   ____||  \ |  | |  | |           |\   \  /   / 
   |   (----`|  |__   |  |_)  |    |  |__   |   \|  | |  | `---|  |----` \   \/   /  
    \   \    |   __|  |      /     |   __|  |  . `  | |  |     |  |       \_    _/   
.----)   |   |  |____ |  |\  \----.|  |____ |  |\   | |  |     |  |         |  |     
|_______/    |_______|| _| `._____||_______||__| \__| |__|     |__|         |__|    
                                                                                     
 News and tutorials at https://serenity-bdd.info                                     
 Documentation at https://serenity-bdd.github.io                                     
 Test Automation Training and Coaching: https://www.serenity-dojo.com                
 Commercial Support: https://www.serenity-dojo.com/serenity-bdd-enterprise-support   
 Join the Serenity Community on Gitter: https://gitter.im/serenity-bdd/serenity-core 
-------------------------------------------------------------------------------------

00:19:12.540 [main] DEBUG net.thucydides.core.steps.StepEventBus -- Test suite started for story net.thucydides.model.domain.Story@d95d5fe0
00:19:12.542 [main] INFO  -- Test Suite Started: Realizar cálculos en la calculadora de android
00:19:12.594 [main] DEBUG io.cucumber.core.plugin.SerenityReporter -- Running feature from file:///C:/Users/USUARIO/Documents/Diego/Pruebas%20Tecnicas/prueba-tecnica-periferia/src/test/resources/features/test_demo_qa.feature
00:19:12.597 [main] DEBUG net.thucydides.core.steps.StepEventBus -- Test suite started for story net.thucydides.model.domain.Story@f8b7e7e0
00:19:12.597 [main] INFO  -- Test Suite Started: Interactuar con la pagina web Demo QA
00:19:12.597 [main] DEBUG io.cucumber.core.plugin.SerenityReporter -- Running feature from file:///C:/Users/USUARIO/Documents/Diego/Pruebas%20Tecnicas/prueba-tecnica-periferia/src/test/resources/features/test_rest_assured.feature
00:19:12.600 [main] DEBUG net.thucydides.core.steps.StepEventBus -- Test suite started for story net.thucydides.model.domain.Story@c3f963e0
00:19:12.601 [main] INFO  -- Test Suite Started: Consumir los servicios de herokuapp utilizando rest assured
00:19:12.601 [main] DEBUG io.cucumber.core.plugin.SerenityReporter -- Running feature from file:///C:/Users/USUARIO/Documents/Diego/Pruebas%20Tecnicas/prueba-tecnica-periferia/src/test/resources/features/test_demo_qa.feature
00:19:12.602 [main] DEBUG net.thucydides.core.steps.StepEventBus -- Test suite started for story net.thucydides.model.domain.Story@f8b7e7e0
00:19:12.603 [main] INFO  -- Test Suite Started: Interactuar con la pagina web Demo QA
00:19:12.642 [main] DEBUG io.cucumber.core.plugin.SerenityReporter -- Running feature from file:///C:/Users/USUARIO/Documents/Diego/Pruebas%20Tecnicas/prueba-tecnica-periferia/src/test/resources/features/test_demo_qa.feature
00:19:12.722 [main] INFO  -- 
  _____   ___   ___   _____     ___   _____     _     ___   _____   ___   ___  
 |_   _| | __| / __| |_   _|   / __| |_   _|   /_\   | _ \ |_   _| | __| |   \ 
   | |   | _|  \__ \   | |     \__ \   | |    / _ \  |   /   | |   | _|  | |) |
   |_|   |___| |___/   |_|     |___/   |_|   /_/ \_\ |_|_\   |_|   |___| |___/ 

Validar los modulos Alerts, Frame & Windows, Practice Form  y Book Store Application(interactuar-con-la-pagina-web-demo-qa;validar-los-modulos-alerts--frame-&-windows--practice-form--y-book-store-application)
--------------------------------------------------------------------------------
00:19:12.979 [main] DEBUG net.thucydides.core.steps.StepInterceptor -- STARTING STEP: TestDemoQaStep.userEntersWebPage - {0} opens the #pageName page
00:19:13.033 [main] INFO net.serenitybdd.core.webdriver.driverproviders.ChromeDriverProvider -- Starting Chrome driver instance with capabilities:
00:19:13.035 [main] INFO net.serenitybdd.core.webdriver.driverproviders.ChromeDriverProvider -- Capabilities {acceptInsecureCerts: true, browserName: chrome, goog:chromeOptions: {args: [incognito, incognito, remote-allow-origins=*], extensions: []}}
00:19:18.301 [main] DEBUG net.serenitybdd.core.photography.Darkroom -- Opening darkroom
00:19:18.302 [Darkroom Processing Line] DEBUG net.serenitybdd.core.photography.DarkroomProcessingLine -- Darkroom processing line starting up
00:19:18.449 [main] DEBUG net.serenitybdd.core.photography.Darkroom -- Send negative for processing for C:\Users\USUARIO\Documents\Diego\Pruebas Tecnicas\prueba-tecnica-periferia\target\site\serenity\549e01351ebff3df682c3ae44d469ce57aa32e2f43d3e75fa66ea8238baa1b4f.png
00:19:18.450 [Darkroom Processing Line] DEBUG net.serenitybdd.core.photography.DarkroomProcessingLine -- Processing screenshot image in /var/screenshots/screenshot-14620714211293888922
00:19:18.450 [Darkroom Processing Line] DEBUG net.serenitybdd.core.photography.DarkroomProcessingLine -- Saving screenshot to C:\Users\USUARIO\Documents\Diego\Pruebas Tecnicas\prueba-tecnica-periferia\target\site\serenity\549e01351ebff3df682c3ae44d469ce57aa32e2f43d3e75fa66ea8238baa1b4f.png
00:19:18.451 [main] DEBUG net.thucydides.core.steps.StepInterceptor -- STEP DONE: {0} opens the #pageName page
00:19:18.464 [main] DEBUG net.thucydides.core.steps.StepInterceptor -- STARTING STEP: TestDemoQaStep.userEntersWebPage - performAs
00:19:18.510 [main] DEBUG net.serenitybdd.screenplay.targets.IFrameSwitcher -- default content already selected for Usuario
00:19:18.628 [main] DEBUG net.serenitybdd.core.photography.Darkroom -- Send negative for processing for C:\Users\USUARIO\Documents\Diego\Pruebas Tecnicas\prueba-tecnica-periferia\target\site\serenity\549e01351ebff3df682c3ae44d469ce57aa32e2f43d3e75fa66ea8238baa1b4f.png
00:19:18.630 [main] DEBUG net.thucydides.core.steps.StepInterceptor -- STARTING STEP: LogIn.performAs - {0} enters #theTextAsAString into #target
00:19:18.665 [main] DEBUG net.serenitybdd.screenplay.targets.IFrameSwitcher -- default content already selected for Usuario
00:19:18.843 [main] DEBUG net.serenitybdd.core.photography.Darkroom -- Send negative for processing for C:\Users\USUARIO\Documents\Diego\Pruebas Tecnicas\prueba-tecnica-periferia\target\site\serenity\3c1c44b367b3b2f91f3497380ce68c78efc0dadac5f0d10fc8a30fc6212940e3.png
00:19:18.843 [Darkroom Processing Line] DEBUG net.serenitybdd.core.photography.DarkroomProcessingLine -- Processing screenshot image in /var/screenshots/screenshot-1607403741908927082
00:19:18.843 [Darkroom Processing Line] DEBUG net.serenitybdd.core.photography.DarkroomProcessingLine -- Saving screenshot to C:\Users\USUARIO\Documents\Diego\Pruebas Tecnicas\prueba-tecnica-periferia\target\site\serenity\3c1c44b367b3b2f91f3497380ce68c78efc0dadac5f0d10fc8a30fc6212940e3.png
00:19:18.843 [main] DEBUG net.thucydides.core.steps.StepInterceptor -- STEP DONE: {0} enters #theTextAsAString into #target
00:19:18.847 [main] DEBUG net.thucydides.core.steps.StepInterceptor -- STARTING STEP: LogIn.performAs - {0} enters #theTextAsAString into #target
00:19:18.855 [main] DEBUG net.serenitybdd.screenplay.targets.IFrameSwitcher -- default content already selected for Password
00:19:18.983 [main] DEBUG net.serenitybdd.core.photography.Darkroom -- Send negative for processing for C:\Users\USUARIO\Documents\Diego\Pruebas Tecnicas\prueba-tecnica-periferia\target\site\serenity\7136da639fe01c142435db6d8a5952d3aecdab4338bc6eee764b26ada1e99b8c.png
00:19:18.983 [Darkroom Processing Line] DEBUG net.serenitybdd.core.photography.DarkroomProcessingLine -- Processing screenshot image in /var/screenshots/screenshot-14460294894600598470
00:19:18.983 [main] DEBUG net.thucydides.core.steps.StepInterceptor -- STEP DONE: {0} enters #theTextAsAString into #target
00:19:18.983 [Darkroom Processing Line] DEBUG net.serenitybdd.core.photography.DarkroomProcessingLine -- Saving screenshot to C:\Users\USUARIO\Documents\Diego\Pruebas Tecnicas\prueba-tecnica-periferia\target\site\serenity\7136da639fe01c142435db6d8a5952d3aecdab4338bc6eee764b26ada1e99b8c.png
00:19:18.987 [main] DEBUG net.thucydides.core.steps.StepInterceptor -- STARTING STEP: LogIn.performAs - {0} clicks on #target
00:19:18.991 [main] DEBUG net.serenitybdd.screenplay.targets.IFrameSwitcher -- default content already selected for Boton LogIn
00:19:19.105 [main] DEBUG net.serenitybdd.core.photography.Darkroom -- Send negative for processing for C:\Users\USUARIO\Documents\Diego\Pruebas Tecnicas\prueba-tecnica-periferia\target\site\serenity\a036ee5b1064b58847ee7b64f21823e03d615f37a2b50effa3655bab6b600da5.png
00:19:19.106 [Darkroom Processing Line] DEBUG net.serenitybdd.core.photography.DarkroomProcessingLine -- Processing screenshot image in /var/screenshots/screenshot-1377134314827188543
00:19:19.106 [main] DEBUG net.thucydides.core.steps.StepInterceptor -- STEP DONE: {0} clicks on #target
00:19:19.106 [Darkroom Processing Line] DEBUG net.serenitybdd.core.photography.DarkroomProcessingLine -- Saving screenshot to C:\Users\USUARIO\Documents\Diego\Pruebas Tecnicas\prueba-tecnica-periferia\target\site\serenity\a036ee5b1064b58847ee7b64f21823e03d615f37a2b50effa3655bab6b600da5.png
00:19:19.108 [main] DEBUG net.thucydides.core.steps.StepInterceptor -- STEP DONE: performAs
00:19:19.234 [main] DEBUG net.serenitybdd.core.photography.Darkroom -- Send negative for processing for C:\Users\USUARIO\Documents\Diego\Pruebas Tecnicas\prueba-tecnica-periferia\target\site\serenity\a036ee5b1064b58847ee7b64f21823e03d615f37a2b50effa3655bab6b600da5.png
00:19:19.240 [main] DEBUG net.serenitybdd.screenplay.targets.IFrameSwitcher -- default content already selected for Boton LogOut
00:19:20.159 [main] DEBUG net.serenitybdd.core.photography.Darkroom -- Send negative for processing for C:\Users\USUARIO\Documents\Diego\Pruebas Tecnicas\prueba-tecnica-periferia\target\site\serenity\f900fc6bc263c20d9907524b24c4a4a7d152ca929dee6ddcf44f838ab83ff000.png
00:19:20.159 [Darkroom Processing Line] DEBUG net.serenitybdd.core.photography.DarkroomProcessingLine -- Processing screenshot image in /var/screenshots/screenshot-16504131184180035071
00:19:20.159 [Darkroom Processing Line] DEBUG net.serenitybdd.core.photography.DarkroomProcessingLine -- Saving screenshot to C:\Users\USUARIO\Documents\Diego\Pruebas Tecnicas\prueba-tecnica-periferia\target\site\serenity\f900fc6bc263c20d9907524b24c4a4a7d152ca929dee6ddcf44f838ab83ff000.png
00:19:20.173 [main] DEBUG net.thucydides.core.steps.StepInterceptor -- STARTING STEP: TestDemoQaStep.extractsTextFromFramesOfNestedFrames - performAs
00:19:20.179 [main] DEBUG net.thucydides.core.steps.StepInterceptor -- STARTING STEP: ModuleNastedFrame.performAs - {0} clicks on #target
00:19:20.183 [main] DEBUG net.serenitybdd.screenplay.targets.IFrameSwitcher -- default content already selected for Modulo de Alerts, Frame y Windows
00:19:20.306 [main] DEBUG net.serenitybdd.core.photography.Darkroom -- Send negative for processing for C:\Users\USUARIO\Documents\Diego\Pruebas Tecnicas\prueba-tecnica-periferia\target\site\serenity\0c58dc6f61b20d7969515987fa71905df039cc87ada0740c3a7a28825e6f2bb3.png
00:19:20.307 [Darkroom Processing Line] DEBUG net.serenitybdd.core.photography.DarkroomProcessingLine -- Processing screenshot image in /var/screenshots/screenshot-8566520282478682998
00:19:20.307 [main] DEBUG net.thucydides.core.steps.StepInterceptor -- STEP DONE: {0} clicks on #target
00:19:20.307 [Darkroom Processing Line] DEBUG net.serenitybdd.core.photography.DarkroomProcessingLine -- Saving screenshot to C:\Users\USUARIO\Documents\Diego\Pruebas Tecnicas\prueba-tecnica-periferia\target\site\serenity\0c58dc6f61b20d7969515987fa71905df039cc87ada0740c3a7a28825e6f2bb3.png
00:19:20.311 [main] DEBUG net.serenitybdd.screenplay.targets.IFrameSwitcher -- default content already selected for Sub Modulo de Nested Frames
00:19:20.326 [main] DEBUG net.thucydides.core.steps.StepInterceptor -- STARTING STEP: ModuleNastedFrame.performAs - {0} clicks on #target
00:19:20.330 [main] DEBUG net.serenitybdd.screenplay.targets.IFrameSwitcher -- default content already selected for Sub Modulo de Nested Frames
00:19:20.457 [main] DEBUG net.serenitybdd.core.photography.Darkroom -- Send negative for processing for C:\Users\USUARIO\Documents\Diego\Pruebas Tecnicas\prueba-tecnica-periferia\target\site\serenity\70f32540e94f83c0b7d80324f101d9a744ca2f515dcd776c3486620b955537d8.png
00:19:20.458 [Darkroom Processing Line] DEBUG net.serenitybdd.core.photography.DarkroomProcessingLine -- Processing screenshot image in /var/screenshots/screenshot-4943705106901315874
00:19:20.458 [Darkroom Processing Line] DEBUG net.serenitybdd.core.photography.DarkroomProcessingLine -- Saving screenshot to C:\Users\USUARIO\Documents\Diego\Pruebas Tecnicas\prueba-tecnica-periferia\target\site\serenity\70f32540e94f83c0b7d80324f101d9a744ca2f515dcd776c3486620b955537d8.png
00:19:20.458 [main] DEBUG net.thucydides.core.steps.StepInterceptor -- STEP DONE: {0} clicks on #target
00:19:20.463 [main] DEBUG net.serenitybdd.screenplay.targets.IFrameSwitcher -- default content already selected for Titulo Nasted Frame
00:19:20.485 [main] DEBUG net.thucydides.core.steps.StepInterceptor -- STEP DONE: performAs
00:19:20.493 [main] DEBUG net.thucydides.core.steps.StepInterceptor -- STARTING STEP: TestDemoQaStep.extractsTextFromFramesOfNestedFrames - performAs
00:19:22.579 [main] DEBUG net.serenitybdd.screenplay.targets.IFrameSwitcher -- default content already selected for Texto parent frame
00:19:22.604 [main] DEBUG net.serenitybdd.screenplay.targets.IFrameSwitcher -- default content already selected for Texto child iframe
00:19:22.723 [main] DEBUG net.serenitybdd.core.photography.Darkroom -- Send negative for processing for C:\Users\USUARIO\Documents\Diego\Pruebas Tecnicas\prueba-tecnica-periferia\target\site\serenity\3bfd0d2a8006b5b86722e814f2cdae53f705a00f58d9111888442018fa608aa0.png
00:19:22.724 [Darkroom Processing Line] DEBUG net.serenitybdd.core.photography.DarkroomProcessingLine -- Processing screenshot image in /var/screenshots/screenshot-16115071774717711127
00:19:22.724 [Darkroom Processing Line] DEBUG net.serenitybdd.core.photography.DarkroomProcessingLine -- Saving screenshot to C:\Users\USUARIO\Documents\Diego\Pruebas Tecnicas\prueba-tecnica-periferia\target\site\serenity\3bfd0d2a8006b5b86722e814f2cdae53f705a00f58d9111888442018fa608aa0.png
00:19:22.724 [main] DEBUG net.thucydides.core.steps.StepInterceptor -- STARTING STEP: TextNestedFrames.performAs - {0} should see #description
00:19:22.727 [main] DEBUG net.thucydides.core.steps.StepInterceptor -- STEP DONE: {0} should see #description
00:19:22.731 [main] DEBUG net.thucydides.core.steps.StepInterceptor -- STARTING STEP: TextNestedFrames.performAs - {0} should see #description
00:19:22.733 [main] DEBUG net.thucydides.core.steps.StepInterceptor -- STEP DONE: {0} should see #description
00:19:22.736 [main] DEBUG net.thucydides.core.steps.StepInterceptor -- STEP DONE: performAs
00:19:23.206 [main] DEBUG net.serenitybdd.core.photography.Darkroom -- Send negative for processing for C:\Users\USUARIO\Documents\Diego\Pruebas Tecnicas\prueba-tecnica-periferia\target\site\serenity\3bfd0d2a8006b5b86722e814f2cdae53f705a00f58d9111888442018fa608aa0.png
00:19:23.206 [main] DEBUG net.thucydides.core.steps.StepInterceptor -- STARTING STEP: TestDemoQaStep.enterInformationFromThePracticeFormModule - performAs
00:19:23.210 [main] DEBUG net.thucydides.core.steps.StepInterceptor -- STARTING STEP: ModulePracticeForm.performAs - {0} clicks on #target
00:19:23.214 [main] DEBUG net.serenitybdd.screenplay.targets.IFrameSwitcher -- default content already selected for Modulo de Forms
00:19:23.251 [main] DEBUG net.thucydides.core.steps.StepInterceptor -- STEP DONE: {0} clicks on #target
00:19:23.254 [main] DEBUG net.thucydides.core.steps.StepInterceptor -- STARTING STEP: ModulePracticeForm.performAs - {0} clicks on #target
00:19:23.258 [main] DEBUG net.serenitybdd.screenplay.targets.IFrameSwitcher -- default content already selected for Submodulo Practice Form
00:19:23.533 [main] DEBUG net.serenitybdd.core.photography.Darkroom -- Send negative for processing for C:\Users\USUARIO\Documents\Diego\Pruebas Tecnicas\prueba-tecnica-periferia\target\site\serenity\b17e9d74daca485211b699afae3be311a1e51eddeeeee405d5c6375daa9ab8a8.png
00:19:23.534 [main] DEBUG net.thucydides.core.steps.StepInterceptor -- STEP DONE: {0} clicks on #target
00:19:23.534 [Darkroom Processing Line] DEBUG net.serenitybdd.core.photography.DarkroomProcessingLine -- Processing screenshot image in /var/screenshots/screenshot-5764900786895821087
00:19:23.534 [Darkroom Processing Line] DEBUG net.serenitybdd.core.photography.DarkroomProcessingLine -- Saving screenshot to C:\Users\USUARIO\Documents\Diego\Pruebas Tecnicas\prueba-tecnica-periferia\target\site\serenity\b17e9d74daca485211b699afae3be311a1e51eddeeeee405d5c6375daa9ab8a8.png
00:19:23.536 [main] DEBUG net.thucydides.core.steps.StepInterceptor -- STEP DONE: performAs
00:19:23.545 [main] DEBUG net.serenitybdd.screenplay.targets.IFrameSwitcher -- default content already selected for Titulo Practice Form
00:19:23.567 [main] DEBUG net.thucydides.core.steps.StepInterceptor -- STARTING STEP: PracticeForm.performAs - {0} enters #theTextAsAString into #target
00:19:23.571 [main] DEBUG net.serenitybdd.screenplay.targets.IFrameSwitcher -- default content already selected for Primer Nombre
00:19:23.724 [main] DEBUG net.serenitybdd.core.photography.Darkroom -- Send negative for processing for C:\Users\USUARIO\Documents\Diego\Pruebas Tecnicas\prueba-tecnica-periferia\target\site\serenity\d61602ead602c7e7487d6514cd3893734585f1f33bc124e4b1acf4f8a95b48ce.png
00:19:23.724 [Darkroom Processing Line] DEBUG net.serenitybdd.core.photography.DarkroomProcessingLine -- Processing screenshot image in /var/screenshots/screenshot-12975747359243816176
00:19:23.724 [main] DEBUG net.thucydides.core.steps.StepInterceptor -- STEP DONE: {0} enters #theTextAsAString into #target
00:19:23.724 [Darkroom Processing Line] DEBUG net.serenitybdd.core.photography.DarkroomProcessingLine -- Saving screenshot to C:\Users\USUARIO\Documents\Diego\Pruebas Tecnicas\prueba-tecnica-periferia\target\site\serenity\d61602ead602c7e7487d6514cd3893734585f1f33bc124e4b1acf4f8a95b48ce.png
00:19:23.726 [main] DEBUG net.thucydides.core.steps.StepInterceptor -- STARTING STEP: PracticeForm.performAs - {0} enters #theTextAsAString into #target
00:19:23.729 [main] DEBUG net.serenitybdd.screenplay.targets.IFrameSwitcher -- default content already selected for Apellido
00:19:23.868 [main] DEBUG net.serenitybdd.core.photography.Darkroom -- Send negative for processing for C:\Users\USUARIO\Documents\Diego\Pruebas Tecnicas\prueba-tecnica-periferia\target\site\serenity\f6060c3c1679b40e685c2b16bd453d6ffce1d13d167d311bff5494281dc15eb1.png
00:19:23.869 [Darkroom Processing Line] DEBUG net.serenitybdd.core.photography.DarkroomProcessingLine -- Processing screenshot image in /var/screenshots/screenshot-13897820827792915680
00:19:23.869 [main] DEBUG net.thucydides.core.steps.StepInterceptor -- STEP DONE: {0} enters #theTextAsAString into #target
00:19:23.869 [Darkroom Processing Line] DEBUG net.serenitybdd.core.photography.DarkroomProcessingLine -- Saving screenshot to C:\Users\USUARIO\Documents\Diego\Pruebas Tecnicas\prueba-tecnica-periferia\target\site\serenity\f6060c3c1679b40e685c2b16bd453d6ffce1d13d167d311bff5494281dc15eb1.png
00:19:23.871 [main] DEBUG net.thucydides.core.steps.StepInterceptor -- STARTING STEP: PracticeForm.performAs - {0} enters #theTextAsAString into #target
00:19:23.875 [main] DEBUG net.serenitybdd.screenplay.targets.IFrameSwitcher -- default content already selected for Email
00:19:24.036 [main] DEBUG net.serenitybdd.core.photography.Darkroom -- Send negative for processing for C:\Users\USUARIO\Documents\Diego\Pruebas Tecnicas\prueba-tecnica-periferia\target\site\serenity\3c4747dee8df921f107db0e68c6ca56beceae302bb7c1dc783eef27703f1f2a0.png
00:19:24.036 [Darkroom Processing Line] DEBUG net.serenitybdd.core.photography.DarkroomProcessingLine -- Processing screenshot image in /var/screenshots/screenshot-4894664444860332887
00:19:24.036 [main] DEBUG net.thucydides.core.steps.StepInterceptor -- STEP DONE: {0} enters #theTextAsAString into #target
00:19:24.036 [Darkroom Processing Line] DEBUG net.serenitybdd.core.photography.DarkroomProcessingLine -- Saving screenshot to C:\Users\USUARIO\Documents\Diego\Pruebas Tecnicas\prueba-tecnica-periferia\target\site\serenity\3c4747dee8df921f107db0e68c6ca56beceae302bb7c1dc783eef27703f1f2a0.png
00:19:24.040 [main] DEBUG net.serenitybdd.screenplay.targets.IFrameSwitcher -- default content already selected for Genero
00:19:24.071 [main] DEBUG net.thucydides.core.steps.StepInterceptor -- STARTING STEP: PracticeForm.performAs - {0} clicks on #target
00:19:24.074 [main] DEBUG net.serenitybdd.screenplay.targets.IFrameSwitcher -- default content already selected for Genero
00:19:24.203 [main] DEBUG net.serenitybdd.core.photography.Darkroom -- Send negative for processing for C:\Users\USUARIO\Documents\Diego\Pruebas Tecnicas\prueba-tecnica-periferia\target\site\serenity\3346db61f453ca0bd1fbc81ae3ac922fe4892efd28f03d0238f5b3d738035489.png
00:19:24.203 [Darkroom Processing Line] DEBUG net.serenitybdd.core.photography.DarkroomProcessingLine -- Processing screenshot image in /var/screenshots/screenshot-11367311730875108071
00:19:24.203 [main] DEBUG net.thucydides.core.steps.StepInterceptor -- STEP DONE: {0} clicks on #target
00:19:24.203 [Darkroom Processing Line] DEBUG net.serenitybdd.core.photography.DarkroomProcessingLine -- Saving screenshot to C:\Users\USUARIO\Documents\Diego\Pruebas Tecnicas\prueba-tecnica-periferia\target\site\serenity\3346db61f453ca0bd1fbc81ae3ac922fe4892efd28f03d0238f5b3d738035489.png
00:19:24.205 [main] DEBUG net.thucydides.core.steps.StepInterceptor -- STARTING STEP: PracticeForm.performAs - {0} enters #theTextAsAString into #target
00:19:24.208 [main] DEBUG net.serenitybdd.screenplay.targets.IFrameSwitcher -- default content already selected for Telefono
00:19:24.357 [main] DEBUG net.serenitybdd.core.photography.Darkroom -- Send negative for processing for C:\Users\USUARIO\Documents\Diego\Pruebas Tecnicas\prueba-tecnica-periferia\target\site\serenity\a1569aac3597e00b01cb38fe9966dba890156bdae568b89dd2b2297f77583f7f.png
00:19:24.358 [main] DEBUG net.thucydides.core.steps.StepInterceptor -- STEP DONE: {0} enters #theTextAsAString into #target
00:19:24.358 [Darkroom Processing Line] DEBUG net.serenitybdd.core.photography.DarkroomProcessingLine -- Processing screenshot image in /var/screenshots/screenshot-14952733719081409042
00:19:24.358 [Darkroom Processing Line] DEBUG net.serenitybdd.core.photography.DarkroomProcessingLine -- Saving screenshot to C:\Users\USUARIO\Documents\Diego\Pruebas Tecnicas\prueba-tecnica-periferia\target\site\serenity\a1569aac3597e00b01cb38fe9966dba890156bdae568b89dd2b2297f77583f7f.png
00:19:24.363 [main] DEBUG net.thucydides.core.steps.StepInterceptor -- STARTING STEP: PracticeForm.performAs - {0} clicks on #target
00:19:24.366 [main] DEBUG net.serenitybdd.screenplay.targets.IFrameSwitcher -- default content already selected for Fecha de Nacimiento
00:19:24.530 [main] DEBUG net.serenitybdd.core.photography.Darkroom -- Send negative for processing for C:\Users\USUARIO\Documents\Diego\Pruebas Tecnicas\prueba-tecnica-periferia\target\site\serenity\12ab6708ce9281d4abe09680a46c6e9779e6c997009ab890c8cfc922f47b5b1a.png
00:19:24.530 [Darkroom Processing Line] DEBUG net.serenitybdd.core.photography.DarkroomProcessingLine -- Processing screenshot image in /var/screenshots/screenshot-2694558759287734104
00:19:24.530 [main] DEBUG net.thucydides.core.steps.StepInterceptor -- STEP DONE: {0} clicks on #target
00:19:24.530 [Darkroom Processing Line] DEBUG net.serenitybdd.core.photography.DarkroomProcessingLine -- Saving screenshot to C:\Users\USUARIO\Documents\Diego\Pruebas Tecnicas\prueba-tecnica-periferia\target\site\serenity\12ab6708ce9281d4abe09680a46c6e9779e6c997009ab890c8cfc922f47b5b1a.png
00:19:24.532 [main] DEBUG net.thucydides.core.steps.StepInterceptor -- STARTING STEP: PracticeForm.performAs - {0} clicks on #target
00:19:24.535 [main] DEBUG net.serenitybdd.screenplay.targets.IFrameSwitcher -- default content already selected for Fecha de Nacimiento
00:19:24.571 [main] DEBUG net.thucydides.core.steps.StepInterceptor -- STEP DONE: {0} clicks on #target
00:19:24.577 [main] DEBUG net.thucydides.core.steps.StepInterceptor -- STARTING STEP: PracticeForm.performAs - {0} selects #values in #target
00:19:24.580 [main] DEBUG net.serenitybdd.screenplay.targets.IFrameSwitcher -- default content already selected for Seleccionar el año
00:19:24.731 [main] DEBUG net.serenitybdd.core.photography.Darkroom -- Send negative for processing for C:\Users\USUARIO\Documents\Diego\Pruebas Tecnicas\prueba-tecnica-periferia\target\site\serenity\c4287098aedb59d901acdc6d7abf6cd81574aa18c08d75a9f4cb7d65054f4337.png
00:19:24.731 [Darkroom Processing Line] DEBUG net.serenitybdd.core.photography.DarkroomProcessingLine -- Processing screenshot image in /var/screenshots/screenshot-10753868745929930709
00:19:24.731 [Darkroom Processing Line] DEBUG net.serenitybdd.core.photography.DarkroomProcessingLine -- Saving screenshot to C:\Users\USUARIO\Documents\Diego\Pruebas Tecnicas\prueba-tecnica-periferia\target\site\serenity\c4287098aedb59d901acdc6d7abf6cd81574aa18c08d75a9f4cb7d65054f4337.png
00:19:24.731 [main] DEBUG net.thucydides.core.steps.StepInterceptor -- STEP DONE: {0} selects #values in #target
00:19:24.737 [main] DEBUG net.thucydides.core.steps.StepInterceptor -- STARTING STEP: PracticeForm.performAs - {0} selects #selectedOptions on #target
00:19:24.740 [main] DEBUG net.serenitybdd.screenplay.targets.IFrameSwitcher -- default content already selected for Seleccionar el mes
00:19:24.771 [main] DEBUG net.thucydides.core.steps.StepInterceptor -- STEP DONE: {0} selects #selectedOptions on #target
00:19:24.773 [main] DEBUG net.thucydides.core.steps.StepInterceptor -- STARTING STEP: PracticeForm.performAs - {0} clicks on #target
00:19:24.776 [main] DEBUG net.serenitybdd.screenplay.targets.IFrameSwitcher -- default content already selected for Seleccionar el dia
00:19:24.903 [main] DEBUG net.serenitybdd.core.photography.Darkroom -- Send negative for processing for C:\Users\USUARIO\Documents\Diego\Pruebas Tecnicas\prueba-tecnica-periferia\target\site\serenity\772b0fe86827a0eac9176f598cee131305c816f99c4ae9d5734b0ab8b9647a81.png
00:19:24.903 [main] DEBUG net.thucydides.core.steps.StepInterceptor -- STEP DONE: {0} clicks on #target
00:19:24.903 [Darkroom Processing Line] DEBUG net.serenitybdd.core.photography.DarkroomProcessingLine -- Processing screenshot image in /var/screenshots/screenshot-5282644405106136710
00:19:24.903 [Darkroom Processing Line] DEBUG net.serenitybdd.core.photography.DarkroomProcessingLine -- Saving screenshot to C:\Users\USUARIO\Documents\Diego\Pruebas Tecnicas\prueba-tecnica-periferia\target\site\serenity\772b0fe86827a0eac9176f598cee131305c816f99c4ae9d5734b0ab8b9647a81.png
00:19:24.912 [main] DEBUG net.thucydides.core.steps.StepInterceptor -- STARTING STEP: PracticeForm.performAs - {0} enters #theTextAsAString into #target
00:19:24.915 [main] DEBUG net.serenitybdd.screenplay.targets.IFrameSwitcher -- default content already selected for Materias
00:19:24.978 [main] DEBUG net.serenitybdd.screenplay.targets.IFrameSwitcher -- default content already selected for Materias
00:19:25.124 [main] DEBUG net.serenitybdd.core.photography.Darkroom -- Send negative for processing for C:\Users\USUARIO\Documents\Diego\Pruebas Tecnicas\prueba-tecnica-periferia\target\site\serenity\4e5f28b63a07364a75b63a58311a292b92c94d012037011b966e8f69d59d251c.png
00:19:25.124 [Darkroom Processing Line] DEBUG net.serenitybdd.core.photography.DarkroomProcessingLine -- Processing screenshot image in /var/screenshots/screenshot-11904789162428064344
00:19:25.124 [main] DEBUG net.thucydides.core.steps.StepInterceptor -- STEP DONE: {0} enters #theTextAsAString into #target
00:19:25.124 [Darkroom Processing Line] DEBUG net.serenitybdd.core.photography.DarkroomProcessingLine -- Saving screenshot to C:\Users\USUARIO\Documents\Diego\Pruebas Tecnicas\prueba-tecnica-periferia\target\site\serenity\4e5f28b63a07364a75b63a58311a292b92c94d012037011b966e8f69d59d251c.png
00:19:25.126 [main] DEBUG net.thucydides.core.steps.StepInterceptor -- STARTING STEP: PracticeForm.performAs - {0} clicks on #target
00:19:25.129 [main] DEBUG net.serenitybdd.screenplay.targets.IFrameSwitcher -- default content already selected for Hobbies
00:19:25.170 [main] DEBUG net.thucydides.core.steps.StepInterceptor -- STEP DONE: {0} clicks on #target
00:19:25.172 [main] DEBUG net.thucydides.core.steps.StepInterceptor -- STARTING STEP: PracticeForm.performAs - {0} enters #theTextAsAString into #target
00:19:25.176 [main] DEBUG net.serenitybdd.screenplay.targets.IFrameSwitcher -- default content already selected for Pintura
00:19:25.295 [main] DEBUG net.serenitybdd.core.photography.Darkroom -- Send negative for processing for C:\Users\USUARIO\Documents\Diego\Pruebas Tecnicas\prueba-tecnica-periferia\target\site\serenity\ce7e72db003c395e2a66429651bd0d5a64ef9d17e13293340287d69b04b1bc5a.png
00:19:25.296 [Darkroom Processing Line] DEBUG net.serenitybdd.core.photography.DarkroomProcessingLine -- Processing screenshot image in /var/screenshots/screenshot-8121255186473966320
00:19:25.296 [Darkroom Processing Line] DEBUG net.serenitybdd.core.photography.DarkroomProcessingLine -- Saving screenshot to C:\Users\USUARIO\Documents\Diego\Pruebas Tecnicas\prueba-tecnica-periferia\target\site\serenity\ce7e72db003c395e2a66429651bd0d5a64ef9d17e13293340287d69b04b1bc5a.png
00:19:25.296 [main] DEBUG net.thucydides.core.steps.StepInterceptor -- STEP DONE: {0} enters #theTextAsAString into #target
00:19:25.298 [main] DEBUG net.thucydides.core.steps.StepInterceptor -- STARTING STEP: PracticeForm.performAs - {0} enters #theTextAsAString into #target
00:19:25.302 [main] DEBUG net.serenitybdd.screenplay.targets.IFrameSwitcher -- default content already selected for Direccion Actual
00:19:25.465 [main] DEBUG net.serenitybdd.core.photography.Darkroom -- Send negative for processing for C:\Users\USUARIO\Documents\Diego\Pruebas Tecnicas\prueba-tecnica-periferia\target\site\serenity\44d17d0f533d6c7941194ba8e2432389e0b29e8e109330de4b1927e657d4a9f9.png
00:19:25.465 [Darkroom Processing Line] DEBUG net.serenitybdd.core.photography.DarkroomProcessingLine -- Processing screenshot image in /var/screenshots/screenshot-4397922602121460092
00:19:25.465 [main] DEBUG net.thucydides.core.steps.StepInterceptor -- STEP DONE: {0} enters #theTextAsAString into #target
00:19:25.465 [Darkroom Processing Line] DEBUG net.serenitybdd.core.photography.DarkroomProcessingLine -- Saving screenshot to C:\Users\USUARIO\Documents\Diego\Pruebas Tecnicas\prueba-tecnica-periferia\target\site\serenity\44d17d0f533d6c7941194ba8e2432389e0b29e8e109330de4b1927e657d4a9f9.png
00:19:25.467 [main] DEBUG net.thucydides.core.steps.StepInterceptor -- STARTING STEP: PracticeForm.performAs - {0} enters #theTextAsAString into #target
00:19:25.471 [main] DEBUG net.serenitybdd.screenplay.targets.IFrameSwitcher -- default content already selected for Estado
00:19:25.545 [main] DEBUG net.serenitybdd.screenplay.targets.IFrameSwitcher -- default content already selected for Estado
00:19:25.653 [main] DEBUG net.serenitybdd.core.photography.Darkroom -- Send negative for processing for C:\Users\USUARIO\Documents\Diego\Pruebas Tecnicas\prueba-tecnica-periferia\target\site\serenity\cb4cb16317d69290ea4ba3386724be833dabf120d29d561b051aaafbab5477e3.png
00:19:25.653 [main] DEBUG net.thucydides.core.steps.StepInterceptor -- STEP DONE: {0} enters #theTextAsAString into #target
00:19:25.653 [Darkroom Processing Line] DEBUG net.serenitybdd.core.photography.DarkroomProcessingLine -- Processing screenshot image in /var/screenshots/screenshot-10596197348612602086
00:19:25.653 [Darkroom Processing Line] DEBUG net.serenitybdd.core.photography.DarkroomProcessingLine -- Saving screenshot to C:\Users\USUARIO\Documents\Diego\Pruebas Tecnicas\prueba-tecnica-periferia\target\site\serenity\cb4cb16317d69290ea4ba3386724be833dabf120d29d561b051aaafbab5477e3.png
00:19:25.655 [main] DEBUG net.thucydides.core.steps.StepInterceptor -- STARTING STEP: PracticeForm.performAs - {0} enters #theTextAsAString into #target
00:19:25.658 [main] DEBUG net.serenitybdd.screenplay.targets.IFrameSwitcher -- default content already selected for Ciudad
00:19:25.725 [main] DEBUG net.serenitybdd.screenplay.targets.IFrameSwitcher -- default content already selected for Ciudad
00:19:25.824 [main] DEBUG net.serenitybdd.core.photography.Darkroom -- Send negative for processing for C:\Users\USUARIO\Documents\Diego\Pruebas Tecnicas\prueba-tecnica-periferia\target\site\serenity\aebde8dd28dac435c8402bbe5d934945c3c40dfd3bc5933aeb3d250343d4f16c.png
00:19:25.824 [Darkroom Processing Line] DEBUG net.serenitybdd.core.photography.DarkroomProcessingLine -- Processing screenshot image in /var/screenshots/screenshot-10230315076814278720
00:19:25.824 [Darkroom Processing Line] DEBUG net.serenitybdd.core.photography.DarkroomProcessingLine -- Saving screenshot to C:\Users\USUARIO\Documents\Diego\Pruebas Tecnicas\prueba-tecnica-periferia\target\site\serenity\aebde8dd28dac435c8402bbe5d934945c3c40dfd3bc5933aeb3d250343d4f16c.png
00:19:25.824 [main] DEBUG net.thucydides.core.steps.StepInterceptor -- STEP DONE: {0} enters #theTextAsAString into #target
00:19:25.828 [main] DEBUG net.serenitybdd.screenplay.targets.IFrameSwitcher -- default content already selected for Boton de Guardar
00:19:25.842 [main] DEBUG net.thucydides.core.steps.StepInterceptor -- STARTING STEP: PracticeForm.performAs - {0} clicks on #target
00:19:25.845 [main] DEBUG net.serenitybdd.screenplay.targets.IFrameSwitcher -- default content already selected for Boton de Guardar
00:19:25.969 [main] DEBUG net.serenitybdd.core.photography.Darkroom -- Send negative for processing for C:\Users\USUARIO\Documents\Diego\Pruebas Tecnicas\prueba-tecnica-periferia\target\site\serenity\6b40dd305632ab72e077a17e037b2b05bc06193d890c658bcc8e5f490e3dbfca.png
00:19:25.969 [Darkroom Processing Line] DEBUG net.serenitybdd.core.photography.DarkroomProcessingLine -- Processing screenshot image in /var/screenshots/screenshot-6774556876989590305
00:19:25.969 [main] DEBUG net.thucydides.core.steps.StepInterceptor -- STEP DONE: {0} clicks on #target
00:19:25.969 [Darkroom Processing Line] DEBUG net.serenitybdd.core.photography.DarkroomProcessingLine -- Saving screenshot to C:\Users\USUARIO\Documents\Diego\Pruebas Tecnicas\prueba-tecnica-periferia\target\site\serenity\6b40dd305632ab72e077a17e037b2b05bc06193d890c658bcc8e5f490e3dbfca.png
00:19:25.972 [main] DEBUG net.serenitybdd.screenplay.targets.IFrameSwitcher -- default content already selected for Boton de Cerrar
00:19:25.986 [main] DEBUG net.thucydides.core.steps.StepInterceptor -- STARTING STEP: PracticeForm.performAs - {0} clicks on #target
00:19:25.989 [main] DEBUG net.serenitybdd.screenplay.targets.IFrameSwitcher -- default content already selected for Boton de Cerrar
00:19:26.117 [main] DEBUG net.serenitybdd.core.photography.Darkroom -- Send negative for processing for C:\Users\USUARIO\Documents\Diego\Pruebas Tecnicas\prueba-tecnica-periferia\target\site\serenity\559d165d613c115d04d760e297bd3cad350f6f64f4f4381f918d0848328929a1.png
00:19:26.117 [Darkroom Processing Line] DEBUG net.serenitybdd.core.photography.DarkroomProcessingLine -- Processing screenshot image in /var/screenshots/screenshot-18068577801046697324
00:19:26.117 [main] DEBUG net.thucydides.core.steps.StepInterceptor -- STEP DONE: {0} clicks on #target
00:19:26.117 [Darkroom Processing Line] DEBUG net.serenitybdd.core.photography.DarkroomProcessingLine -- Saving screenshot to C:\Users\USUARIO\Documents\Diego\Pruebas Tecnicas\prueba-tecnica-periferia\target\site\serenity\559d165d613c115d04d760e297bd3cad350f6f64f4f4381f918d0848328929a1.png
00:19:26.125 [main] DEBUG net.thucydides.core.steps.StepInterceptor -- STARTING STEP: TestDemoQaStep.enterTheBookStoreApplicationModule - performAs
00:19:26.132 [main] DEBUG net.serenitybdd.screenplay.targets.IFrameSwitcher -- default content already selected for Modulo Book Store Application
00:19:26.156 [main] DEBUG net.thucydides.core.steps.StepInterceptor -- STARTING STEP: ModuleProfile.performAs - {0} clicks on #target
00:19:26.159 [main] DEBUG net.serenitybdd.screenplay.targets.IFrameSwitcher -- default content already selected for Modulo Book Store Application
00:19:26.275 [main] DEBUG net.serenitybdd.core.photography.Darkroom -- Send negative for processing for C:\Users\USUARIO\Documents\Diego\Pruebas Tecnicas\prueba-tecnica-periferia\target\site\serenity\749fe2e51db76968c2936d36e993c2373fb200f7367df13ad64de6c4579a0365.png
00:19:26.275 [main] DEBUG net.thucydides.core.steps.StepInterceptor -- STEP DONE: {0} clicks on #target
00:19:26.275 [Darkroom Processing Line] DEBUG net.serenitybdd.core.photography.DarkroomProcessingLine -- Processing screenshot image in /var/screenshots/screenshot-11011825784047502082
00:19:26.275 [Darkroom Processing Line] DEBUG net.serenitybdd.core.photography.DarkroomProcessingLine -- Saving screenshot to C:\Users\USUARIO\Documents\Diego\Pruebas Tecnicas\prueba-tecnica-periferia\target\site\serenity\749fe2e51db76968c2936d36e993c2373fb200f7367df13ad64de6c4579a0365.png
00:19:26.277 [main] DEBUG net.thucydides.core.steps.StepInterceptor -- STARTING STEP: ModuleProfile.performAs - {0} clicks on #target
00:19:26.281 [main] DEBUG net.serenitybdd.screenplay.targets.IFrameSwitcher -- default content already selected for Submodulo Profile
00:19:26.455 [main] DEBUG net.serenitybdd.core.photography.Darkroom -- Send negative for processing for C:\Users\USUARIO\Documents\Diego\Pruebas Tecnicas\prueba-tecnica-periferia\target\site\serenity\dc442df0550a56ef7217a22bbb24db35ff45f1f478d08b68b84acb6287099fb7.png
00:19:26.455 [Darkroom Processing Line] DEBUG net.serenitybdd.core.photography.DarkroomProcessingLine -- Processing screenshot image in /var/screenshots/screenshot-15284460559593295228
00:19:26.456 [main] DEBUG net.thucydides.core.steps.StepInterceptor -- STEP DONE: {0} clicks on #target
00:19:26.456 [Darkroom Processing Line] DEBUG net.serenitybdd.core.photography.DarkroomProcessingLine -- Saving screenshot to C:\Users\USUARIO\Documents\Diego\Pruebas Tecnicas\prueba-tecnica-periferia\target\site\serenity\dc442df0550a56ef7217a22bbb24db35ff45f1f478d08b68b84acb6287099fb7.png
00:19:26.458 [main] DEBUG net.thucydides.core.steps.StepInterceptor -- STEP DONE: performAs
00:19:26.467 [main] DEBUG net.thucydides.core.steps.StepInterceptor -- STARTING STEP: TestDemoQaStep.deleteUser - performAs
00:19:26.477 [main] DEBUG net.serenitybdd.screenplay.targets.IFrameSwitcher -- default content already selected for Boton Eliminar Cuenta
00:19:26.632 [main] DEBUG net.serenitybdd.screenplay.targets.IFrameSwitcher -- default content already selected for Boton Eliminar Cuenta
00:19:26.718 [main] DEBUG net.serenitybdd.core.photography.Darkroom -- Send negative for processing for C:\Users\USUARIO\Documents\Diego\Pruebas Tecnicas\prueba-tecnica-periferia\target\site\serenity\86a2b251492cdeb46bea61dfebd0de0e090dd4f598097d4a8fb9b76093bea58a.png
00:19:26.720 [Darkroom Processing Line] DEBUG net.serenitybdd.core.photography.DarkroomProcessingLine -- Processing screenshot image in /var/screenshots/screenshot-18052641091959366808
00:19:26.720 [Darkroom Processing Line] DEBUG net.serenitybdd.core.photography.DarkroomProcessingLine -- Saving screenshot to C:\Users\USUARIO\Documents\Diego\Pruebas Tecnicas\prueba-tecnica-periferia\target\site\serenity\86a2b251492cdeb46bea61dfebd0de0e090dd4f598097d4a8fb9b76093bea58a.png
00:19:26.720 [main] DEBUG net.thucydides.core.steps.StepInterceptor -- STARTING STEP: DeleteAccount.performAs - {0} clicks on #target
00:19:26.723 [main] DEBUG net.serenitybdd.screenplay.targets.IFrameSwitcher -- default content already selected for Boton Eliminar Cuenta
00:19:26.761 [main] DEBUG net.thucydides.core.steps.StepInterceptor -- STEP DONE: {0} clicks on #target
00:19:26.765 [main] DEBUG net.thucydides.core.steps.StepInterceptor -- STARTING STEP: DeleteAccount.performAs - {0} clicks on #target
00:19:26.768 [main] DEBUG net.serenitybdd.screenplay.targets.IFrameSwitcher -- default content already selected for Boton Confirmar Eliminar Cuenta
00:19:26.888 [main] DEBUG net.serenitybdd.core.photography.Darkroom -- Send negative for processing for C:\Users\USUARIO\Documents\Diego\Pruebas Tecnicas\prueba-tecnica-periferia\target\site\serenity\0184d1840b8fe353aad718d3e65d2c07bb134f6c1a9f547758d6aac4eb2727b5.png
00:19:26.888 [Darkroom Processing Line] DEBUG net.serenitybdd.core.photography.DarkroomProcessingLine -- Processing screenshot image in /var/screenshots/screenshot-13839500843336880029
00:19:26.888 [Darkroom Processing Line] DEBUG net.serenitybdd.core.photography.DarkroomProcessingLine -- Saving screenshot to C:\Users\USUARIO\Documents\Diego\Pruebas Tecnicas\prueba-tecnica-periferia\target\site\serenity\0184d1840b8fe353aad718d3e65d2c07bb134f6c1a9f547758d6aac4eb2727b5.png
00:19:26.888 [main] DEBUG net.thucydides.core.steps.StepInterceptor -- STEP DONE: {0} clicks on #target
00:19:27.143 [main] DEBUG net.thucydides.core.steps.StepInterceptor -- STARTING STEP: DeleteAccount.performAs - !#title
00:19:27.241 [main] DEBUG net.serenitybdd.core.photography.Darkroom -- Send negative for processing for C:\Users\USUARIO\Documents\Diego\Pruebas Tecnicas\prueba-tecnica-periferia\target\site\serenity\f9e3d0ba185631f2a5e127ef98075590f976d28b5a7a759779bf14b125a042dd.png
00:19:27.242 [Darkroom Processing Line] DEBUG net.serenitybdd.core.photography.DarkroomProcessingLine -- Processing screenshot image in /var/screenshots/screenshot-4381923616637685271
00:19:27.242 [main] DEBUG net.thucydides.core.steps.StepInterceptor -- STEP DONE: !#title
00:19:27.242 [Darkroom Processing Line] DEBUG net.serenitybdd.core.photography.DarkroomProcessingLine -- Saving screenshot to C:\Users\USUARIO\Documents\Diego\Pruebas Tecnicas\prueba-tecnica-periferia\target\site\serenity\f9e3d0ba185631f2a5e127ef98075590f976d28b5a7a759779bf14b125a042dd.png
00:19:27.245 [main] DEBUG net.thucydides.core.steps.StepInterceptor -- STEP DONE: performAs
00:19:27.248 [main] DEBUG net.thucydides.core.steps.StepInterceptor -- STARTING STEP: TestDemoQaStep.deleteUser - performAs
00:19:27.255 [main] DEBUG net.serenitybdd.screenplay.targets.IFrameSwitcher -- default content already selected for Usuario
00:19:27.272 [main] DEBUG net.thucydides.core.steps.StepInterceptor -- STARTING STEP: LogIn.performAs - {0} enters #theTextAsAString into #target
00:19:27.275 [main] DEBUG net.serenitybdd.screenplay.targets.IFrameSwitcher -- default content already selected for Usuario
00:19:27.445 [main] DEBUG net.serenitybdd.core.photography.Darkroom -- Send negative for processing for C:\Users\USUARIO\Documents\Diego\Pruebas Tecnicas\prueba-tecnica-periferia\target\site\serenity\5346f2435436e91209d917a51aa3f6abe1112fbea080f764d13a41dcd579d0eb.png
00:19:27.445 [main] DEBUG net.thucydides.core.steps.StepInterceptor -- STEP DONE: {0} enters #theTextAsAString into #target
00:19:27.445 [Darkroom Processing Line] DEBUG net.serenitybdd.core.photography.DarkroomProcessingLine -- Processing screenshot image in /var/screenshots/screenshot-4442695912427968891
00:19:27.445 [Darkroom Processing Line] DEBUG net.serenitybdd.core.photography.DarkroomProcessingLine -- Saving screenshot to C:\Users\USUARIO\Documents\Diego\Pruebas Tecnicas\prueba-tecnica-periferia\target\site\serenity\5346f2435436e91209d917a51aa3f6abe1112fbea080f764d13a41dcd579d0eb.png
00:19:27.447 [main] DEBUG net.thucydides.core.steps.StepInterceptor -- STARTING STEP: LogIn.performAs - {0} enters #theTextAsAString into #target
00:19:27.451 [main] DEBUG net.serenitybdd.screenplay.targets.IFrameSwitcher -- default content already selected for Password
00:19:27.605 [main] DEBUG net.serenitybdd.core.photography.Darkroom -- Send negative for processing for C:\Users\USUARIO\Documents\Diego\Pruebas Tecnicas\prueba-tecnica-periferia\target\site\serenity\13a840d4d8182d51b67f2fb56799399d71258c53b8103cf65092142ca0a59ec7.png
00:19:27.605 [main] DEBUG net.thucydides.core.steps.StepInterceptor -- STEP DONE: {0} enters #theTextAsAString into #target
00:19:27.605 [Darkroom Processing Line] DEBUG net.serenitybdd.core.photography.DarkroomProcessingLine -- Processing screenshot image in /var/screenshots/screenshot-14119465429328048428
00:19:27.605 [Darkroom Processing Line] DEBUG net.serenitybdd.core.photography.DarkroomProcessingLine -- Saving screenshot to C:\Users\USUARIO\Documents\Diego\Pruebas Tecnicas\prueba-tecnica-periferia\target\site\serenity\13a840d4d8182d51b67f2fb56799399d71258c53b8103cf65092142ca0a59ec7.png
00:19:27.608 [main] DEBUG net.thucydides.core.steps.StepInterceptor -- STARTING STEP: LogIn.performAs - {0} clicks on #target
00:19:27.610 [main] DEBUG net.serenitybdd.screenplay.targets.IFrameSwitcher -- default content already selected for Boton LogIn
00:19:27.644 [main] DEBUG net.thucydides.core.steps.StepInterceptor -- STEP DONE: {0} clicks on #target
00:19:27.646 [main] DEBUG net.thucydides.core.steps.StepInterceptor -- STEP DONE: performAs
00:19:27.653 [main] DEBUG net.serenitybdd.screenplay.targets.IFrameSwitcher -- default content already selected for Mensaje de Usuario Invalido
00:19:28.106 [main] DEBUG net.serenitybdd.screenplay.targets.IFrameSwitcher -- default content already selected for Mensaje de Usuario Invalido
00:19:28.190 [main] DEBUG net.serenitybdd.core.photography.Darkroom -- Send negative for processing for C:\Users\USUARIO\Documents\Diego\Pruebas Tecnicas\prueba-tecnica-periferia\target\site\serenity\340d4402f1d7ffbe4b1f3bd5ced0336b6f26e36055c462438069a4c1d17c239d.png
00:19:28.190 [Darkroom Processing Line] DEBUG net.serenitybdd.core.photography.DarkroomProcessingLine -- Processing screenshot image in /var/screenshots/screenshot-9226125043860819772
00:19:28.190 [Darkroom Processing Line] DEBUG net.serenitybdd.core.photography.DarkroomProcessingLine -- Saving screenshot to C:\Users\USUARIO\Documents\Diego\Pruebas Tecnicas\prueba-tecnica-periferia\target\site\serenity\340d4402f1d7ffbe4b1f3bd5ced0336b6f26e36055c462438069a4c1d17c239d.png
00:19:28.193 [main] INFO  -- 
  _____   ___   ___   _____     ___     _     ___   ___   ___   ___  
 |_   _| | __| / __| |_   _|   | _ \   /_\   / __| / __| | __| |   \ 
   | |   | _|  \__ \   | |     |  _/  / _ \  \__ \ \__ \ | _|  | |) |
   |_|   |___| |___/   |_|     |_|   /_/ \_\ |___/ |___/ |___| |___/ 

Validar los modulos Alerts, Frame & Windows, Practice Form  y Book Store Application
----------------------------------------------------------------------
]]></system-out>
    <system-err><![CDATA[sept 03, 2024 12:19:15 A. M. org.openqa.selenium.devtools.CdpVersionFinder findNearestMatch
WARNING: Unable to find CDP implementation matching 128
sept 03, 2024 12:19:15 A. M. org.openqa.selenium.chromium.ChromiumDriver lambda$new$5
WARNING: Unable to find version of CDP to use for 128.0.6613.114. You may need to include a dependency on a specific version of the CDP using something similar to `org.seleniumhq.selenium:selenium-devtools-v86:4.18.1` where the version ("v86") matches the version of the chromium-based browser you're using and the version number of the artifact is the same as Selenium's.
ERROR StatusLogger Log4j2 could not find a logging implementation. Please add log4j-core to the classpath. Using SimpleLogger to log to the console...
]]></system-err>
  </testcase>
</testsuite>