<?xml version="1.0" encoding="UTF-8" standalone="no"?><testsuite errors="1" failures="0" name="Interactuar con la pagina web Demo QA" skipped="0" tests="1" time="18.56" timestamp="2024-09-02 11:55:23"><testcase name="Validar los modulos Alerts, Frame &amp; Windows, Practice Form  y Book Store Application"><error message="element click intercepted: Element &lt;button id=&quot;closeLargeModal&quot; type=&quot;button&quot; class=&quot;btn btn-primary&quot;&gt;...&lt;/button&gt; is not clickable at point (926, 723). Other element would receive the click: &lt;div class=&quot;modal-footer&quot;&gt;...&lt;/div&gt;&#10;  (Session info: chrome=128.0.6613.113)&#10;Build info: version: '4.18.1', revision: 'b1d3319b48'&#10;System info: os.name: 'Windows 10', os.arch: 'amd64', os.version: '10.0', java.version: '21.0.2'&#10;Driver info: org.openqa.selenium.chrome.ChromeDriver&#10;Command: [1ea9ef95a2e9a0ab440d64643b77e157, clickElement {id=f.4EB1DAF0B325533CCF2C7B16BBCD242F.d.581967E89ACABC49DC44667E9ABEAF4B.e.222}]&#10;Capabilities {acceptInsecureCerts: true, browserName: chrome, browserVersion: 128.0.6613.113, chrome: {chromedriverVersion: 128.0.6613.119 (6e439cfca4d..., userDataDir: C:\Users\DIBANE~1\AppData\L...}, fedcm:accounts: true, goog:chromeOptions: {debuggerAddress: localhost:56919}, networkConnectionEnabled: false, pageLoadStrategy: normal, platformName: windows, proxy: Proxy(), se:cdp: ws://localhost:56919/devtoo..., se:cdpVersion: 128.0.6613.113, setWindowRect: true, strictFileInteractability: false, timeouts: {implicit: 0, pageLoad: 300000, script: 30000}, unhandledPromptBehavior: dismiss and notify, webauthn:extension:credBlob: true, webauthn:extension:largeBlob: true, webauthn:extension:minPinLength: true, webauthn:extension:prf: true, webauthn:virtualAuthenticators: true}&#10;Element: [[ChromeDriver: chrome on windows (1ea9ef95a2e9a0ab440d64643b77e157)] -&gt; id: closeLargeModal]&#10;Session ID: 1ea9ef95a2e9a0ab440d64643b77e157" type="org.openqa.selenium.ElementClickInterceptedException">element click intercepted: Element &lt;button id="closeLargeModal" type="button" class="btn btn-primary"&gt;...&lt;/button&gt; is not clickable at point (926, 723). Other element would receive the click: &lt;div class="modal-footer"&gt;...&lt;/div&gt;
  (Session info: chrome=128.0.6613.113)
Build info: version: '4.18.1', revision: 'b1d3319b48'
System info: os.name: 'Windows 10', os.arch: 'amd64', os.version: '10.0', java.version: '21.0.2'
Driver info: org.openqa.selenium.chrome.ChromeDriver
Command: [1ea9ef95a2e9a0ab440d64643b77e157, clickElement {id=f.4EB1DAF0B325533CCF2C7B16BBCD242F.d.581967E89ACABC49DC44667E9ABEAF4B.e.222}]
Capabilities {acceptInsecureCerts: true, browserName: chrome, browserVersion: 128.0.6613.113, chrome: {chromedriverVersion: 128.0.6613.119 (6e439cfca4d..., userDataDir: C:\Users\DIBANE~1\AppData\L...}, fedcm:accounts: true, goog:chromeOptions: {debuggerAddress: localhost:56919}, networkConnectionEnabled: false, pageLoadStrategy: normal, platformName: windows, proxy: Proxy(), se:cdp: ws://localhost:56919/devtoo..., se:cdpVersion: 128.0.6613.113, setWindowRect: true, strictFileInteractability: false, timeouts: {implicit: 0, pageLoad: 300000, script: 30000}, unhandledPromptBehavior: dismiss and notify, webauthn:extension:credBlob: true, webauthn:extension:largeBlob: true, webauthn:extension:minPinLength: true, webauthn:extension:prf: true, webauthn:virtualAuthenticators: true}
Element: [[ChromeDriver: chrome on windows (1ea9ef95a2e9a0ab440d64643b77e157)] -&gt; id: closeLargeModal]
Session ID: 1ea9ef95a2e9a0ab440d64643b77e157</error><system-err>element click intercepted: Element &lt;button id="closeLargeModal" type="button" class="btn btn-primary"&gt;...&lt;/button&gt; is not clickable at point (926, 723). Other element would receive the click: &lt;div class="modal-footer"&gt;...&lt;/div&gt;
  (Session info: chrome=128.0.6613.113)
Build info: version: '4.18.1', revision: 'b1d3319b48'
System info: os.name: 'Windows 10', os.arch: 'amd64', os.version: '10.0', java.version: '21.0.2'
Driver info: org.openqa.selenium.chrome.ChromeDriver
Command: [1ea9ef95a2e9a0ab440d64643b77e157, clickElement {id=f.4EB1DAF0B325533CCF2C7B16BBCD242F.d.581967E89ACABC49DC44667E9ABEAF4B.e.222}]
Capabilities {acceptInsecureCerts: true, browserName: chrome, browserVersion: 128.0.6613.113, chrome: {chromedriverVersion: 128.0.6613.119 (6e439cfca4d..., userDataDir: C:\Users\DIBANE~1\AppData\L...}, fedcm:accounts: true, goog:chromeOptions: {debuggerAddress: localhost:56919}, networkConnectionEnabled: false, pageLoadStrategy: normal, platformName: windows, proxy: Proxy(), se:cdp: ws://localhost:56919/devtoo..., se:cdpVersion: 128.0.6613.113, setWindowRect: true, strictFileInteractability: false, timeouts: {implicit: 0, pageLoad: 300000, script: 30000}, unhandledPromptBehavior: dismiss and notify, webauthn:extension:credBlob: true, webauthn:extension:largeBlob: true, webauthn:extension:minPinLength: true, webauthn:extension:prf: true, webauthn:virtualAuthenticators: true}
Element: [[ChromeDriver: chrome on windows (1ea9ef95a2e9a0ab440d64643b77e157)] -&gt; id: closeLargeModal]
Session ID: 1ea9ef95a2e9a0ab440d64643b77e157&#13;
tasks.demoqa.PracticeForm.performAs(PracticeForm.java:58)&#13;
stepdefinations.TestDemoQaStep.enterInformationFromThePracticeFormModule(TestDemoQaStep.java:52)&#13;
</system-err></testcase></testsuite>